#
# A fatal error has been detected by the Java Runtime Environment:
#
#  EXCEPTION_ACCESS_VIOLATION (0xc0000005) at pc=0x000001ceedd4ae0f, pid=2696, tid=5344
#
# JRE version: Java(TM) SE Runtime Environment (22.0.2+9) (build 22.0.2+9-70)
# Java VM: Java HotSpot(TM) 64-Bit Server VM (22.0.2+9-70, mixed mode, emulated-client, sharing, tiered, compressed oops, compressed class ptrs, g1 gc, windows-amd64)
# Problematic frame:
# v  ~BufferBlob::MethodHandles adapters 0x000001ceedd4ae0f
#
# No core dump will be written. Minidumps are not enabled by default on client versions of Windows
#
# If you would like to submit a bug report, please visit:
#   https://bugreport.java.com/bugreport/crash.jsp
#

---------------  S U M M A R Y ------------

Command Line: -XX:+ShowCodeDetailsInExceptionMessages -agentlib:jdwp=transport=dt_socket,suspend=y,address=localhost:50514 -Dcom.sun.management.jmxremote -Dcom.sun.management.jmxremote.port=50513 -Dcom.sun.management.jmxremote.authenticate=false -Dcom.sun.management.jmxremote.ssl=false -Djava.rmi.server.hostname=localhost -Dspring.jmx.enabled=true -Dmanagement.endpoints.jmx.exposure.include=* -Dspring.application.admin.enabled=true -XX:TieredStopAtLevel=1 -Dspring.boot.project.name=BMW_ProjectCK -javaagent:D:\jPackages\eclipse\configuration\org.eclipse.osgi\446\0\.cp\lib\javaagent-shaded.jar -Dfile.encoding=UTF-8 -Dstdout.encoding=UTF-8 -Dstderr.encoding=UTF-8 vn.iotstar.AloTraApplication --spring.output.ansi.enabled=always

Host: 11th Gen Intel(R) Core(TM) i5-11400H @ 2.70GHz, 12 cores, 7G,  Windows 11 , 64 bit Build 22621 (10.0.22621.5262)
Time: Tue May 20 23:48:54 2025 SE Asia Standard Time elapsed time: 793.164813 seconds (0d 0h 13m 13s)

---------------  T H R E A D  ---------------

Current thread (0x000001cec8f040f0):  JavaThread "restartedMain"        [_thread_in_Java, id=5344, stack(0x000000a73a400000,0x000000a73a500000) (1024K)]

Stack: [0x000000a73a400000,0x000000a73a500000],  sp=0x000000a73a4fc658,  free space=1009k
Native frames: (J=compiled Java code, j=interpreted, Vv=VM code, C=native code)
C  0x000001ceedd4ae0f  (no source info available)

The last pc belongs to _linkToSpecial (printed below).

siginfo: EXCEPTION_ACCESS_VIOLATION (0xc0000005), reading address 0xfffffffffffffff7


Registers:
RAX=0x000001ceedd190e6, RBX=0x0000000088459a50, RCX=0xfffffffffffffff7, RDX=0x0000000000000002
RSP=0x000000a73a4fc658, RBP=0x000000a73a4fc6a8, RSI=0x000001cec5e81ce8, RDI=0x000001cecf5fc050
R8 =0x0000000000000004, R9 =0x0000000000000004, R10=0x00007ffbd427c840, R11=0x000001ce80099908
R12=0x0000000000000000, R13=0x000000a73a4fc658, R14=0x000000a73a4fc6c8, R15=0x000001cec8f040f0
RIP=0x000001ceedd4ae0f, EFLAGS=0x0000000000010202


Register to memory mapping:

RAX=0x000001ceedd190e6 is at code_begin+3174 in an Interpreter codelet
return entry points  [0x000001ceedd18480, 0x000001ceedd1a388]  7944 bytes
RBX=0x0000000088459a50 is an oop: vn.iotstar.configs.JwtAuthenticationFilter 
{0x0000000088459a50} - klass: 'vn/iotstar/configs/JwtAuthenticationFilter'
 - ---- fields (total size 8 words):
 - protected final 'logger' 'Lorg/apache/commons/logging/Log;' @12  null (0x00000000)
 - private 'beanName' 'Ljava/lang/String;' @16  null (0x00000000)
 - private 'environment' 'Lorg/springframework/core/env/Environment;' @20  null (0x00000000)
 - private 'servletContext' 'Ljakarta/servlet/ServletContext;' @24  null (0x00000000)
 - private 'filterConfig' 'Ljakarta/servlet/FilterConfig;' @28  null (0x00000000)
 - private final 'requiredProperties' 'Ljava/util/Set;' @32  null (0x00000000)
 - private 'jwtTokenProvider' 'Lvn/iotstar/configs/JwtTokenProvider;' @36  null (0x00000000)
 - private 'accessTokenExpiration' 'J' @40  0 (0x0000000000000000)
 - private 'refreshTokenExpiration' 'J' @48  0 (0x0000000000000000)
 - private 'userDetailsService' 'Lvn/iotstar/services/impl/UserServiceImpl;' @56  null (0x00000000)
 - private 'refreshTokenService' 'Lvn/iotstar/services/IRefreshTokenService;' @60  null (0x00000000)
RCX=0xfffffffffffffff7 is an unknown value
RDX=0x0000000000000002 is an unknown value
RSP=0x000000a73a4fc658 is pointing into the stack for thread: 0x000001cec8f040f0
RBP=0x000000a73a4fc6a8 is pointing into the stack for thread: 0x000001cec8f040f0
RSI=0x000001cec5e81ce8 points into unknown readable memory: 0x800005724941728a | 8a 72 41 49 72 05 00 80
RDI=0x000001cecf5fc050 points into unknown readable memory: 0x0000001800000070 | 70 00 00 00 18 00 00 00
R8 =0x0000000000000004 is an unknown value
R9 =0x0000000000000004 is an unknown value
R10=0x00007ffbd427c840 jvm.dll
R11={method} {0x000001ce80099910} 'newInvokeSpecial' '(Ljava/lang/Object;)Ljava/lang/Object;' in 'java/lang/invoke/DirectMethodHandle$Holder'
R12=0x0 is null
R13=0x000000a73a4fc658 is pointing into the stack for thread: 0x000001cec8f040f0
R14=0x000000a73a4fc6c8 is pointing into the stack for thread: 0x000001cec8f040f0
R15=0x000001cec8f040f0 is a thread

Top of Stack: (sp=0x000000a73a4fc658)
0x000000a73a4fc658:   000001ceedd190e6 fffffffffffffff7
0x000000a73a4fc668:   000001ce806efd47 0000000000000004
0x000000a73a4fc678:   000001ce800950d0 0000000000000000
0x000000a73a4fc688:   0000000083c2eec0 000001ce80099908
0x000000a73a4fc698:   fffffffffffffff6 000000a73a4fc6d0
0x000000a73a4fc6a8:   000000a73a4fd740 000001ceee0d90e3
0x000000a73a4fc6b8:   00000000884599a8 0000000088459a50
0x000000a73a4fc6c8:   0000000088459a08 000000a73a4fd740
0x000000a73a4fc6d8:   000001ceee0d6bdc 0000000000000000
0x000000a73a4fc6e8:   0000000000000000 000000a73a4fd740
0x000000a73a4fc6f8:   000001ceee6aa57c 0000000000000000
0x000000a73a4fc708:   0000000000000000 0000000000000000
0x000000a73a4fc718:   0000000000000000 0000000000000000
0x000000a73a4fc728:   0000000000000000 0000000000000000
0x000000a73a4fc738:   0000000000000000 0000000000000000
0x000000a73a4fc748:   0000000000000000 0000000083c2dca8
0x000000a73a4fc758:   000000008c0f4e80 0000000088459630
0x000000a73a4fc768:   0000000088459630 000000008c0f4e80
0x000000a73a4fc778:   0000000000000000 0000000088459a38
0x000000a73a4fc788:   00000000884597c0 000000a73a4fd740
0x000000a73a4fc798:   000001ceee6aac3c 0000000000000000
0x000000a73a4fc7a8:   0000000000000000 000000a73a4fd740
0x000000a73a4fc7b8:   000001ceee0d59dc 0000000088459a08
0x000000a73a4fc7c8:   0000000000000000 0000000000000000
0x000000a73a4fc7d8:   0000000000000000 000001cec8f040f0
0x000000a73a4fc7e8:   0000000000000000 0000000088459768
0x000000a73a4fc7f8:   0000000000000000 0000000088459630
0x000000a73a4fc808:   0000000088459a38 0000000088459768
0x000000a73a4fc818:   0000000000000000 000001cecc20ea00
0x000000a73a4fc828:   000001ceee0d87cc 000000a73a4fd740
0x000000a73a4fc838:   000001ceee0d534a 0000000000000000
0x000000a73a4fc848:   000001ceedfeefa9 000000a73a4fd740 

Instructions: (pc=0x000001ceedd4ae0f)
0x000001ceedd4ad0f:   90 66 66 66 0f 1f 84 00 00 00 00 00 66 66 66 90
0x000001ceedd4ad1f:   90 48 8b 53 08 0f b7 52 2e 48 8b 0c d4 8b 59 14
0x000001ceedd4ad2f:   8b 5b 28 8b 5b 24 48 8b 5b 10 48 85 db 0f 84 10
0x000001ceedd4ad3f:   00 00 00 41 80 bf e8 05 00 00 00 74 03 ff 63 38
0x000001ceedd4ad4f:   ff 63 50 e9 a9 16 00 00 66 0f 1f 84 00 00 00 00
0x000001ceedd4ad5f:   00 48 8b 53 08 0f b7 52 2e 48 8b 0c d4 58 5b 50
0x000001ceedd4ad6f:   44 8b 51 08 49 bb 00 00 00 80 ce 01 00 00 4d 03
0x000001ceedd4ad7f:   d3 4c 8b 5b 10 4b 8b 9c da c8 01 00 00 48 85 db
0x000001ceedd4ad8f:   0f 84 10 00 00 00 41 80 bf e8 05 00 00 00 74 03
0x000001ceedd4ad9f:   ff 63 38 ff 63 50 e9 56 16 00 00 66 66 66 0f 1f
0x000001ceedd4adaf:   84 00 00 00 00 00 66 66 66 90 0f 1f 80 00 00 00
0x000001ceedd4adbf:   00 58 5b 50 8b 5b 24 48 8b 5b 10 48 85 db 0f 84
0x000001ceedd4adcf:   10 00 00 00 41 80 bf e8 05 00 00 00 74 03 ff 63
0x000001ceedd4addf:   38 ff 63 50 e9 18 16 00 00 66 66 66 0f 1f 84 00
0x000001ceedd4adef:   00 00 00 00 66 66 66 90 66 0f 1f 84 00 00 00 00
0x000001ceedd4adff:   00 48 8b 53 08 0f b7 52 2e 48 8b 0c d4 58 5b 50
0x000001ceedd4ae0f:   48 3b 01 8b 5b 24 48 8b 5b 10 48 85 db 0f 84 10
0x000001ceedd4ae1f:   00 00 00 41 80 bf e8 05 00 00 00 74 03 ff 63 38
0x000001ceedd4ae2f:   ff 63 50 e9 c9 15 00 00 66 0f 1f 84 00 00 00 00
0x000001ceedd4ae3f:   00 48 8b 53 08 0f b7 52 2e 48 8b 0c d4 58 5b 50
0x000001ceedd4ae4f:   44 8b 51 08 49 bb 00 00 00 80 ce 01 00 00 4d 03
0x000001ceedd4ae5f:   d3 8b 43 18 48 8b 40 10 48 8b 5b 10 45 8b 9a a0
0x000001ceedd4ae6f:   00 00 00 4f 8d 9c da c8 01 00 00 4d 8d 14 da 49
0x000001ceedd4ae7f:   8b 1b 48 3b c3 74 15 48 85 db 0f 84 32 00 00 00
0x000001ceedd4ae8f:   49 83 c3 10 49 8b 1b 48 3b c3 75 eb 45 8b 5b 08
0x000001ceedd4ae9f:   4b 8b 1c 1a 48 85 db 0f 84 10 00 00 00 41 80 bf
0x000001ceedd4aeaf:   e8 05 00 00 00 74 03 ff 63 38 ff 63 50 e9 3f 15
0x000001ceedd4aebf:   00 00 e9 3a 12 00 00 f4 00 00 00 00 00 00 00 00
0x000001ceedd4aecf:   00 00 00 00 00 00 00 00 00 00 00 00 00 00 00 00
0x000001ceedd4aedf:   00 00 00 00 00 00 00 00 00 00 00 00 00 00 00 00
0x000001ceedd4aeef:   00 00 00 00 00 00 00 00 00 00 00 00 00 00 00 00
0x000001ceedd4aeff:   00 00 00 00 00 00 00 00 00 00 00 00 00 00 00 00 


Stack slot to memory mapping:

stack at sp + 0 slots: 0x000001ceedd190e6 is at code_begin+3174 in an Interpreter codelet
return entry points  [0x000001ceedd18480, 0x000001ceedd1a388]  7944 bytes
stack at sp + 1 slots: 0xfffffffffffffff7 is an unknown value
stack at sp + 2 slots: 0x000001ce806efd47 is pointing into metadata
stack at sp + 3 slots: 0x0000000000000004 is an unknown value
stack at sp + 4 slots: 0x000001ce800950d0 is pointing into metadata
stack at sp + 5 slots: 0x0 is null
stack at sp + 6 slots: 0x0000000083c2eec0 is an oop: java.lang.Class 
{0x0000000083c2eec0} - klass: 'java/lang/Class'
 - ---- fields (total size 14 words):
 - private volatile transient 'classRedefinedCount' 'I' @12  0 (0x00000000)
 - injected 'klass' 'J' @16  1986422983832 (0x000001ce80094c98)
 - injected 'array_klass' 'J' @24  0 (0x0000000000000000)
 - injected 'oop_size' 'I' @32  14 (0x0000000e)
 - injected 'static_oop_field_count' 'I' @36  0 (0x00000000)
 - private volatile transient 'cachedConstructor' 'Ljava/lang/reflect/Constructor;' @40  null (0x00000000)
 - private transient 'name' 'Ljava/lang/String;' @44  null (0x00000000)
 - private transient 'module' 'Ljava/lang/Module;' @48  a 'java/lang/Module'{0x0000000083c16300} (0x83c16300)
 - private final 'classLoader' 'Ljava/lang/ClassLoader;' @52  null (0x00000000)
 - private transient 'classData' 'Ljava/lang/Object;' @56  null (0x00000000)
 - private transient 'packageName' 'Ljava/lang/String;' @60  null (0x00000000)
 - private final 'componentType' 'Ljava/lang/Class;' @64  null (0x00000000)
 - private volatile transient 'reflectionData' 'Ljava/lang/ref/SoftReference;' @68  null (0x00000000)
 - private volatile transient 'genericInfo' 'Lsun/reflect/generics/repository/ClassRepository;' @72  null (0x00000000)
 - private volatile transient 'enumConstants' '[Ljava/lang/Object;' @76  null (0x00000000)
 - private volatile transient 'enumConstantDirectory' 'Ljava/util/Map;' @80  null (0x00000000)
 - private volatile transient 'annotationData' 'Ljava/lang/Class$AnnotationData;' @84  null (0x00000000)
 - private volatile transient 'annotationType' 'Lsun/reflect/annotation/AnnotationType;' @88  null (0x00000000)
 - transient 'classValueMap' 'Ljava/lang/ClassValue$ClassValueMap;' @92  null (0x00000000)
 - injected 'protection_domain' 'Ljava/lang/Object;' @96  null (0x00000000)
 - injected 'signers_name' 'Ljava/lang/Object;' @100  null (0x00000000)
 - injected 'source_file' 'Ljava/lang/Object;' @104  null (0x00000000)
 - signature: Ljava/lang/invoke/DirectMethodHandle$Holder;
 - ---- static fields (0):
stack at sp + 7 slots: {method} {0x000001ce80099910} 'newInvokeSpecial' '(Ljava/lang/Object;)Ljava/lang/Object;' in 'java/lang/invoke/DirectMethodHandle$Holder'

MethodHandle::interpreter_entry::_linkToSpecial [0x000001ceedd4ade8, 0x000001ceedd4ae37] (79 bytes)
[MachCode]
  0x000001ceedd4ade8: 6666 660f | 1f84 0000 | 0000 0066 | 6666 9066 | 0f1f 8400 | 0000 0000 | 488b 5308 | 0fb7 522e 
  0x000001ceedd4ae08: 488b 0cd4 | 585b 5048 | 3b01 8b5b | 2448 8b5b | 1048 85db | 0f84 1000 | 0000 4180 | bfe8 0500 
  0x000001ceedd4ae28: 0000 7403 | ff63 38ff | 6350 e9c9 | 
[/MachCode]

---------------  P R O C E S S  ---------------

Threads class SMR info:
_java_thread_list=0x000001cec9b1bbd0, length=23, elements={
0x000001cef6448e80, 0x000001cef6449e90, 0x000001cef644e700, 0x000001cef6454b30,
0x000001cef64566b0, 0x000001cef6456e10, 0x000001cef6462e90, 0x000001cec51faca0,
0x000001cec52a4d90, 0x000001cec52aa020, 0x000001cec52ae640, 0x000001cec5be4800,
0x000001cec5d584b0, 0x000001cec5d6fd10, 0x000001cec5daf9e0, 0x000001cec5e070f0,
0x000001cec5e69430, 0x000001cec5eea4d0, 0x000001cec9aae590, 0x000001cec8f0a9f0,
0x000001cec8f040f0, 0x000001cec8f0b080, 0x000001cec8f08920
}

Java Threads: ( => current thread )
  0x000001cef6448e80 JavaThread "Reference Handler"          daemon [_thread_blocked, id=8580, stack(0x000000a73ae00000,0x000000a73af00000) (1024K)]
  0x000001cef6449e90 JavaThread "Finalizer"                  daemon [_thread_blocked, id=332, stack(0x000000a73af00000,0x000000a73b000000) (1024K)]
  0x000001cef644e700 JavaThread "Signal Dispatcher"          daemon [_thread_blocked, id=13564, stack(0x000000a73b000000,0x000000a73b100000) (1024K)]
  0x000001cef6454b30 JavaThread "Attach Listener"            daemon [_thread_blocked, id=4616, stack(0x000000a73b100000,0x000000a73b200000) (1024K)]
  0x000001cef64566b0 JavaThread "Service Thread"             daemon [_thread_blocked, id=2104, stack(0x000000a73b200000,0x000000a73b300000) (1024K)]
  0x000001cef6456e10 JavaThread "Monitor Deflation Thread"   daemon [_thread_blocked, id=1172, stack(0x000000a73b300000,0x000000a73b400000) (1024K)]
  0x000001cef6462e90 JavaThread "C1 CompilerThread0"         daemon [_thread_blocked, id=15120, stack(0x000000a73b400000,0x000000a73b500000) (1024K)]
  0x000001cec51faca0 JavaThread "Common-Cleaner"             daemon [_thread_blocked, id=11636, stack(0x000000a73b500000,0x000000a73b600000) (1024K)]
  0x000001cec52a4d90 JavaThread "JDWP Transport Listener: dt_socket" daemon [_thread_blocked, id=12716, stack(0x000000a73b800000,0x000000a73b900000) (1024K)]
  0x000001cec52aa020 JavaThread "JDWP Event Helper Thread"   daemon [_thread_blocked, id=15276, stack(0x000000a73b900000,0x000000a73ba00000) (1024K)]
  0x000001cec52ae640 JavaThread "JDWP Command Reader"        daemon [_thread_blocked, id=15260, stack(0x000000a73ba00000,0x000000a73bb00000) (1024K)]
  0x000001cec5be4800 JavaThread "Notification Thread"        daemon [_thread_blocked, id=12992, stack(0x000000a73bb00000,0x000000a73bc00000) (1024K)]
  0x000001cec5d584b0 JavaThread "RMI TCP Accept-0"           daemon [_thread_in_native, id=9316, stack(0x000000a73bc00000,0x000000a73bd00000) (1024K)]
  0x000001cec5d6fd10 JavaThread "RMI TCP Accept-50513"       daemon [_thread_in_native, id=14044, stack(0x000000a73bd00000,0x000000a73be00000) (1024K)]
  0x000001cec5daf9e0 JavaThread "RMI TCP Accept-0"           daemon [_thread_in_native, id=7180, stack(0x000000a73c700000,0x000000a73c800000) (1024K)]
  0x000001cec5e070f0 JavaThread "RMI Scheduler(0)"           daemon [_thread_blocked, id=3760, stack(0x000000a73c900000,0x000000a73ca00000) (1024K)]
  0x000001cec5e69430 JavaThread "RMI TCP Connection(15)-127.0.0.1" daemon [_thread_in_native, id=2308, stack(0x000000a73ca00000,0x000000a73cb00000) (1024K)]
  0x000001cec5eea4d0 JavaThread "JMX server connection timeout 40" daemon [_thread_blocked, id=7904, stack(0x000000a73cb00000,0x000000a73cc00000) (1024K)]
  0x000001cec9aae590 JavaThread "DestroyJavaVM"                     [_thread_blocked, id=6428, stack(0x000000a73a600000,0x000000a73a700000) (1024K)]
  0x000001cec8f0a9f0 JavaThread "Thread-5"                          [_thread_blocked, id=7080, stack(0x000000a73a300000,0x000000a73a400000) (1024K)]
=>0x000001cec8f040f0 JavaThread "restartedMain"                     [_thread_in_Java, id=5344, stack(0x000000a73a400000,0x000000a73a500000) (1024K)]
  0x000001cec8f0b080 JavaThread "mssql-jdbc-shared-timer-core-2" daemon [_thread_blocked, id=13464, stack(0x000000a73c800000,0x000000a73c900000) (1024K)]
  0x000001cec8f08920 JavaThread "HikariPool-3 housekeeper"   daemon [_thread_blocked, id=2360, stack(0x000000a73cc00000,0x000000a73cd00000) (1024K)]
Total: 23

Other Threads:
  0x000001cef642c0b0 VMThread "VM Thread"                           [id=14900, stack(0x000000a73ad00000,0x000000a73ae00000) (1024K)] _threads_hazard_ptr=0x000001cec9b1bbd0
  0x000001cef6416570 WatcherThread "VM Periodic Task Thread"        [id=14728, stack(0x000000a73ac00000,0x000000a73ad00000) (1024K)]
  0x000001cee5a2e150 WorkerThread "GC Thread#0"                     [id=14560, stack(0x000000a73a700000,0x000000a73a800000) (1024K)]
  0x000001cec5d7f5b0 WorkerThread "GC Thread#1"                     [id=13596, stack(0x000000a73be00000,0x000000a73bf00000) (1024K)]
  0x000001cec5d7f960 WorkerThread "GC Thread#2"                     [id=15292, stack(0x000000a73bf00000,0x000000a73c000000) (1024K)]
  0x000001cec5de84a0 WorkerThread "GC Thread#3"                     [id=13960, stack(0x000000a73c000000,0x000000a73c100000) (1024K)]
  0x000001cec5de8850 WorkerThread "GC Thread#4"                     [id=6396, stack(0x000000a73c100000,0x000000a73c200000) (1024K)]
  0x000001cec5de8c00 WorkerThread "GC Thread#5"                     [id=3132, stack(0x000000a73c200000,0x000000a73c300000) (1024K)]
  0x000001cec5de97d0 WorkerThread "GC Thread#6"                     [id=14428, stack(0x000000a73c300000,0x000000a73c400000) (1024K)]
  0x000001cec5de9fa0 WorkerThread "GC Thread#7"                     [id=5844, stack(0x000000a73c400000,0x000000a73c500000) (1024K)]
  0x000001cec5d94cc0 WorkerThread "GC Thread#8"                     [id=9876, stack(0x000000a73c500000,0x000000a73c600000) (1024K)]
  0x000001cec5d992c0 WorkerThread "GC Thread#9"                     [id=14496, stack(0x000000a73c600000,0x000000a73c700000) (1024K)]
  0x000001cee5a3f3d0 ConcurrentGCThread "G1 Main Marker"            [id=5620, stack(0x000000a73a800000,0x000000a73a900000) (1024K)]
  0x000001cee5a3fee0 WorkerThread "G1 Conc#0"                       [id=1272, stack(0x000000a73a900000,0x000000a73aa00000) (1024K)]
  0x000001cec5d987b0 WorkerThread "G1 Conc#1"                       [id=9600, stack(0x000000a73cf00000,0x000000a73d000000) (1024K)]
  0x000001cec5d98b60 WorkerThread "G1 Conc#2"                       [id=3364, stack(0x000000a73d000000,0x000000a73d100000) (1024K)]
  0x000001cef62e7210 ConcurrentGCThread "G1 Refine#0"               [id=7288, stack(0x000000a73aa00000,0x000000a73ab00000) (1024K)]
  0x000001cef62e7ba0 ConcurrentGCThread "G1 Service"                [id=14276, stack(0x000000a73ab00000,0x000000a73ac00000) (1024K)]
Total: 18

Threads with active compile tasks:
Total: 0

VM state: synchronizing (normal execution)

VM Mutex/Monitor currently owned by a thread:  ([mutex/lock_event])
[0x00007ffbd426cb80] Threads_lock - owner thread: 0x000001cef642c0b0

Heap address: 0x0000000083600000, size: 1994 MB, Compressed Oops mode: 32-bit

CDS archive(s) mapped at: [0x000001ce80000000-0x000001ce80c60000-0x000001ce80c60000), size 12976128, SharedBaseAddress: 0x000001ce80000000, ArchiveRelocationMode: 1.
Compressed class space mapped at: 0x000001ce81000000-0x000001cec1000000, reserved size: 1073741824
Narrow klass base: 0x000001ce80000000, Narrow klass shift: 0, Narrow klass range: 0x41000000

GC Precious Log:
 CardTable entry size: 512
 Card Set container configuration: InlinePtr #cards 5 size 8 Array Of Cards #cards 12 size 40 Howl #buckets 4 coarsen threshold 1843 Howl Bitmap #cards 512 size 80 coarsen threshold 460 Card regions per heap region 1 cards per card region 2048
 CPUs: 12 total, 12 available
 Memory: 7971M
 Large Page Support: Disabled
 NUMA Support: Disabled
 Compressed Oops: Enabled (32-bit)
 Heap Region Size: 1M
 Heap Min Capacity: 8M
 Heap Initial Capacity: 126M
 Heap Max Capacity: 1994M
 Pre-touch: Disabled
 Parallel Workers: 10
 Concurrent Workers: 3
 Concurrent Refinement Workers: 10
 Periodic GC: Disabled

Heap:
 garbage-first heap   total reserved 2041856K, committed 157696K, used 124496K [0x0000000083600000, 0x0000000100000000)
  region size 1024K, 79 young (80896K), 0 survivors (0K)
 Metaspace       used 98632K, committed 99584K, reserved 1179648K
  class space    used 13972K, committed 14400K, reserved 1048576K

Heap Regions: E=young(eden), S=young(survivor), O=old, HS=humongous(starts), HC=humongous(continues), CS=collection set, F=free, TAMS=top-at-mark-start, PB=parsable bottom
|   0|0x0000000083600000, 0x0000000083700000, 0x0000000083700000|100%|HS|  |TAMS 0x0000000083600000| PB 0x0000000083600000| Untracked |  0
|   1|0x0000000083700000, 0x0000000083800000, 0x0000000083800000|100%| O|  |TAMS 0x0000000083700000| PB 0x0000000083700000| Untracked |  0
|   2|0x0000000083800000, 0x00000000838fffc8, 0x0000000083900000| 99%| O|  |TAMS 0x0000000083800000| PB 0x0000000083800000| Untracked |  0
|   3|0x0000000083900000, 0x0000000083a00000, 0x0000000083a00000|100%| O|  |TAMS 0x0000000083900000| PB 0x0000000083900000| Untracked |  0
|   4|0x0000000083a00000, 0x0000000083b00000, 0x0000000083b00000|100%| O|  |TAMS 0x0000000083a00000| PB 0x0000000083a00000| Untracked |  0
|   5|0x0000000083b00000, 0x0000000083bffff0, 0x0000000083c00000| 99%| O|  |TAMS 0x0000000083b00000| PB 0x0000000083b00000| Untracked |  0
|   6|0x0000000083c00000, 0x0000000083cffff0, 0x0000000083d00000| 99%| O|  |TAMS 0x0000000083c00000| PB 0x0000000083c00000| Untracked |  0
|   7|0x0000000083d00000, 0x0000000083e00000, 0x0000000083e00000|100%| O|  |TAMS 0x0000000083d00000| PB 0x0000000083d00000| Untracked |  0
|   8|0x0000000083e00000, 0x0000000083efffe8, 0x0000000083f00000| 99%| O|  |TAMS 0x0000000083e00000| PB 0x0000000083e00000| Untracked |  0
|   9|0x0000000083f00000, 0x0000000083fffff8, 0x0000000084000000| 99%| O|  |TAMS 0x0000000083f00000| PB 0x0000000083f00000| Untracked |  0
|  10|0x0000000084000000, 0x00000000840ffff0, 0x0000000084100000| 99%| O|  |TAMS 0x0000000084000000| PB 0x0000000084000000| Untracked |  0
|  11|0x0000000084100000, 0x00000000841fffe0, 0x0000000084200000| 99%| O|  |TAMS 0x0000000084100000| PB 0x0000000084100000| Untracked |  0
|  12|0x0000000084200000, 0x0000000084300000, 0x0000000084300000|100%| O|  |TAMS 0x0000000084200000| PB 0x0000000084200000| Untracked |  0
|  13|0x0000000084300000, 0x00000000843ffff8, 0x0000000084400000| 99%| O|  |TAMS 0x0000000084300000| PB 0x0000000084300000| Untracked |  0
|  14|0x0000000084400000, 0x00000000844ffff8, 0x0000000084500000| 99%| O|  |TAMS 0x0000000084400000| PB 0x0000000084400000| Untracked |  0
|  15|0x0000000084500000, 0x00000000845fffd0, 0x0000000084600000| 99%| O|  |TAMS 0x0000000084500000| PB 0x0000000084500000| Untracked |  0
|  16|0x0000000084600000, 0x0000000084700000, 0x0000000084700000|100%| O|  |TAMS 0x0000000084600000| PB 0x0000000084600000| Untracked |  0
|  17|0x0000000084700000, 0x0000000084800000, 0x0000000084800000|100%| O|  |TAMS 0x0000000084700000| PB 0x0000000084700000| Untracked |  0
|  18|0x0000000084800000, 0x00000000848fffb0, 0x0000000084900000| 99%| O|  |TAMS 0x0000000084800000| PB 0x0000000084800000| Untracked |  0
|  19|0x0000000084900000, 0x00000000849fff98, 0x0000000084a00000| 99%| O|  |TAMS 0x0000000084900000| PB 0x0000000084900000| Untracked |  0
|  20|0x0000000084a00000, 0x0000000084afe698, 0x0000000084b00000| 99%| O|  |TAMS 0x0000000084a00000| PB 0x0000000084a00000| Untracked |  0
|  21|0x0000000084b00000, 0x0000000084c00000, 0x0000000084c00000|100%| O|  |TAMS 0x0000000084b00000| PB 0x0000000084b00000| Untracked |  0
|  22|0x0000000084c00000, 0x0000000084cffff0, 0x0000000084d00000| 99%| O|  |TAMS 0x0000000084c00000| PB 0x0000000084c00000| Untracked |  0
|  23|0x0000000084d00000, 0x0000000084dfffe8, 0x0000000084e00000| 99%| O|  |TAMS 0x0000000084d00000| PB 0x0000000084d00000| Untracked |  0
|  24|0x0000000084e00000, 0x0000000084effff8, 0x0000000084f00000| 99%| O|  |TAMS 0x0000000084e00000| PB 0x0000000084e00000| Untracked |  0
|  25|0x0000000084f00000, 0x0000000084ffffd8, 0x0000000085000000| 99%| O|  |TAMS 0x0000000084f00000| PB 0x0000000084f00000| Untracked |  0
|  26|0x0000000085000000, 0x00000000850fffb8, 0x0000000085100000| 99%| O|  |TAMS 0x0000000085000000| PB 0x0000000085000000| Untracked |  0
|  27|0x0000000085100000, 0x00000000851ffff0, 0x0000000085200000| 99%| O|  |TAMS 0x0000000085100000| PB 0x0000000085100000| Untracked |  0
|  28|0x0000000085200000, 0x00000000852fffa8, 0x0000000085300000| 99%| O|  |TAMS 0x0000000085200000| PB 0x0000000085200000| Untracked |  0
|  29|0x0000000085300000, 0x00000000853fffa8, 0x0000000085400000| 99%| O|  |TAMS 0x0000000085300000| PB 0x0000000085300000| Untracked |  0
|  30|0x0000000085400000, 0x00000000854fffd8, 0x0000000085500000| 99%| O|  |TAMS 0x0000000085400000| PB 0x0000000085400000| Untracked |  0
|  31|0x0000000085500000, 0x00000000855ffff8, 0x0000000085600000| 99%| O|  |TAMS 0x0000000085500000| PB 0x0000000085500000| Untracked |  0
|  32|0x0000000085600000, 0x0000000085700000, 0x0000000085700000|100%| O|  |TAMS 0x0000000085600000| PB 0x0000000085600000| Untracked |  0
|  33|0x0000000085700000, 0x0000000085800000, 0x0000000085800000|100%| O|  |TAMS 0x0000000085700000| PB 0x0000000085700000| Untracked |  0
|  34|0x0000000085800000, 0x00000000858ffff0, 0x0000000085900000| 99%| O|  |TAMS 0x0000000085800000| PB 0x0000000085800000| Untracked |  0
|  35|0x0000000085900000, 0x0000000085a00000, 0x0000000085a00000|100%| O|  |TAMS 0x0000000085900000| PB 0x0000000085900000| Untracked |  0
|  36|0x0000000085a00000, 0x0000000085afff98, 0x0000000085b00000| 99%| O|  |TAMS 0x0000000085a00000| PB 0x0000000085a00000| Untracked |  0
|  37|0x0000000085b00000, 0x0000000085bdc0d8, 0x0000000085c00000| 85%| O|  |TAMS 0x0000000085b00000| PB 0x0000000085b00000| Untracked |  0
|  38|0x0000000085c00000, 0x0000000085ce4bf0, 0x0000000085d00000| 89%| O|  |TAMS 0x0000000085c00000| PB 0x0000000085c00000| Untracked |  0
|  39|0x0000000085d00000, 0x0000000085dfffd8, 0x0000000085e00000| 99%| O|  |TAMS 0x0000000085d00000| PB 0x0000000085d00000| Untracked |  0
|  40|0x0000000085e00000, 0x0000000085effff8, 0x0000000085f00000| 99%| O|  |TAMS 0x0000000085e00000| PB 0x0000000085e00000| Untracked |  0
|  41|0x0000000085f00000, 0x0000000085ffffc8, 0x0000000086000000| 99%| O|  |TAMS 0x0000000085f00000| PB 0x0000000085f00000| Untracked |  0
|  42|0x0000000086000000, 0x00000000860f4810, 0x0000000086100000| 95%| O|  |TAMS 0x0000000086000000| PB 0x0000000086000000| Untracked |  0
|  43|0x0000000086100000, 0x0000000086100000, 0x0000000086200000|  0%| F|  |TAMS 0x0000000086100000| PB 0x0000000086100000| Untracked |  0
|  44|0x0000000086200000, 0x0000000086200000, 0x0000000086300000|  0%| F|  |TAMS 0x0000000086200000| PB 0x0000000086200000| Untracked |  0
|  45|0x0000000086300000, 0x00000000863ba0a8, 0x0000000086400000| 72%| O|  |TAMS 0x0000000086300000| PB 0x0000000086300000| Untracked |  0
|  46|0x0000000086400000, 0x000000008647e4b0, 0x0000000086500000| 49%| O|  |TAMS 0x0000000086400000| PB 0x0000000086400000| Untracked |  0
|  47|0x0000000086500000, 0x00000000865a83a8, 0x0000000086600000| 65%| O|  |TAMS 0x0000000086500000| PB 0x0000000086500000| Untracked |  0
|  48|0x0000000086600000, 0x0000000086600000, 0x0000000086700000|  0%| F|  |TAMS 0x0000000086600000| PB 0x0000000086600000| Untracked |  0
|  49|0x0000000086700000, 0x0000000086700000, 0x0000000086800000|  0%| F|  |TAMS 0x0000000086700000| PB 0x0000000086700000| Untracked |  0
|  50|0x0000000086800000, 0x0000000086800000, 0x0000000086900000|  0%| F|  |TAMS 0x0000000086800000| PB 0x0000000086800000| Untracked |  0
|  51|0x0000000086900000, 0x0000000086900000, 0x0000000086a00000|  0%| F|  |TAMS 0x0000000086900000| PB 0x0000000086900000| Untracked |  0
|  52|0x0000000086a00000, 0x0000000086a00000, 0x0000000086b00000|  0%| F|  |TAMS 0x0000000086a00000| PB 0x0000000086a00000| Untracked |  0
|  53|0x0000000086b00000, 0x0000000086b00000, 0x0000000086c00000|  0%| F|  |TAMS 0x0000000086b00000| PB 0x0000000086b00000| Untracked |  0
|  54|0x0000000086c00000, 0x0000000086c00000, 0x0000000086d00000|  0%| F|  |TAMS 0x0000000086c00000| PB 0x0000000086c00000| Untracked |  0
|  55|0x0000000086d00000, 0x0000000086d00000, 0x0000000086e00000|  0%| F|  |TAMS 0x0000000086d00000| PB 0x0000000086d00000| Untracked |  0
|  56|0x0000000086e00000, 0x0000000086e00000, 0x0000000086f00000|  0%| F|  |TAMS 0x0000000086e00000| PB 0x0000000086e00000| Untracked |  0
|  57|0x0000000086f00000, 0x0000000086f00000, 0x0000000087000000|  0%| F|  |TAMS 0x0000000086f00000| PB 0x0000000086f00000| Untracked |  0
|  58|0x0000000087000000, 0x0000000087000000, 0x0000000087100000|  0%| F|  |TAMS 0x0000000087000000| PB 0x0000000087000000| Untracked |  0
|  59|0x0000000087100000, 0x0000000087100000, 0x0000000087200000|  0%| F|  |TAMS 0x0000000087100000| PB 0x0000000087100000| Untracked |  0
|  60|0x0000000087200000, 0x0000000087200000, 0x0000000087300000|  0%| F|  |TAMS 0x0000000087200000| PB 0x0000000087200000| Untracked |  0
|  61|0x0000000087300000, 0x0000000087300000, 0x0000000087400000|  0%| F|  |TAMS 0x0000000087300000| PB 0x0000000087300000| Untracked |  0
|  62|0x0000000087400000, 0x0000000087400000, 0x0000000087500000|  0%| F|  |TAMS 0x0000000087400000| PB 0x0000000087400000| Untracked |  0
|  63|0x0000000087500000, 0x0000000087500000, 0x0000000087600000|  0%| F|  |TAMS 0x0000000087500000| PB 0x0000000087500000| Untracked |  0
|  64|0x0000000087600000, 0x0000000087600000, 0x0000000087700000|  0%| F|  |TAMS 0x0000000087600000| PB 0x0000000087600000| Untracked |  0
|  65|0x0000000087700000, 0x0000000087700000, 0x0000000087800000|  0%| F|  |TAMS 0x0000000087700000| PB 0x0000000087700000| Untracked |  0
|  66|0x0000000087800000, 0x0000000087800000, 0x0000000087900000|  0%| F|  |TAMS 0x0000000087800000| PB 0x0000000087800000| Untracked |  0
|  67|0x0000000087900000, 0x0000000087900000, 0x0000000087a00000|  0%| F|  |TAMS 0x0000000087900000| PB 0x0000000087900000| Untracked |  0
|  68|0x0000000087a00000, 0x0000000087a00000, 0x0000000087b00000|  0%| F|  |TAMS 0x0000000087a00000| PB 0x0000000087a00000| Untracked |  0
|  69|0x0000000087b00000, 0x0000000087b00000, 0x0000000087c00000|  0%| F|  |TAMS 0x0000000087b00000| PB 0x0000000087b00000| Untracked |  0
|  70|0x0000000087c00000, 0x0000000087c00000, 0x0000000087d00000|  0%| F|  |TAMS 0x0000000087c00000| PB 0x0000000087c00000| Untracked |  0
|  71|0x0000000087d00000, 0x0000000087d00000, 0x0000000087e00000|  0%| F|  |TAMS 0x0000000087d00000| PB 0x0000000087d00000| Untracked |  0
|  72|0x0000000087e00000, 0x0000000087e00000, 0x0000000087f00000|  0%| F|  |TAMS 0x0000000087e00000| PB 0x0000000087e00000| Untracked |  0
|  73|0x0000000087f00000, 0x0000000087f00000, 0x0000000088000000|  0%| F|  |TAMS 0x0000000087f00000| PB 0x0000000087f00000| Untracked |  0
|  74|0x0000000088000000, 0x0000000088000000, 0x0000000088100000|  0%| F|  |TAMS 0x0000000088000000| PB 0x0000000088000000| Untracked |  0
|  75|0x0000000088100000, 0x0000000088171280, 0x0000000088200000| 44%| E|  |TAMS 0x0000000088100000| PB 0x0000000088100000| Complete |  0
|  76|0x0000000088200000, 0x0000000088300000, 0x0000000088300000|100%| E|CS|TAMS 0x0000000088200000| PB 0x0000000088200000| Complete |  0
|  77|0x0000000088300000, 0x0000000088400000, 0x0000000088400000|100%| E|CS|TAMS 0x0000000088300000| PB 0x0000000088300000| Complete |  0
|  78|0x0000000088400000, 0x0000000088500000, 0x0000000088500000|100%| E|CS|TAMS 0x0000000088400000| PB 0x0000000088400000| Complete |  0
|  79|0x0000000088500000, 0x0000000088600000, 0x0000000088600000|100%| E|CS|TAMS 0x0000000088500000| PB 0x0000000088500000| Complete |  0
|  80|0x0000000088600000, 0x0000000088700000, 0x0000000088700000|100%| E|CS|TAMS 0x0000000088600000| PB 0x0000000088600000| Complete |  0
|  81|0x0000000088700000, 0x0000000088800000, 0x0000000088800000|100%| E|CS|TAMS 0x0000000088700000| PB 0x0000000088700000| Complete |  0
|  82|0x0000000088800000, 0x0000000088900000, 0x0000000088900000|100%| E|CS|TAMS 0x0000000088800000| PB 0x0000000088800000| Complete |  0
|  83|0x0000000088900000, 0x0000000088a00000, 0x0000000088a00000|100%| E|CS|TAMS 0x0000000088900000| PB 0x0000000088900000| Complete |  0
|  84|0x0000000088a00000, 0x0000000088b00000, 0x0000000088b00000|100%| E|CS|TAMS 0x0000000088a00000| PB 0x0000000088a00000| Complete |  0
|  85|0x0000000088b00000, 0x0000000088c00000, 0x0000000088c00000|100%| E|CS|TAMS 0x0000000088b00000| PB 0x0000000088b00000| Complete |  0
|  86|0x0000000088c00000, 0x0000000088d00000, 0x0000000088d00000|100%| E|  |TAMS 0x0000000088c00000| PB 0x0000000088c00000| Complete |  0
|  87|0x0000000088d00000, 0x0000000088e00000, 0x0000000088e00000|100%| E|CS|TAMS 0x0000000088d00000| PB 0x0000000088d00000| Complete |  0
|  88|0x0000000088e00000, 0x0000000088f00000, 0x0000000088f00000|100%| E|CS|TAMS 0x0000000088e00000| PB 0x0000000088e00000| Complete |  0
|  89|0x0000000088f00000, 0x0000000089000000, 0x0000000089000000|100%| E|CS|TAMS 0x0000000088f00000| PB 0x0000000088f00000| Complete |  0
|  90|0x0000000089000000, 0x0000000089100000, 0x0000000089100000|100%| E|CS|TAMS 0x0000000089000000| PB 0x0000000089000000| Complete |  0
|  91|0x0000000089100000, 0x0000000089200000, 0x0000000089200000|100%| E|CS|TAMS 0x0000000089100000| PB 0x0000000089100000| Complete |  0
|  92|0x0000000089200000, 0x0000000089300000, 0x0000000089300000|100%| E|CS|TAMS 0x0000000089200000| PB 0x0000000089200000| Complete |  0
|  93|0x0000000089300000, 0x0000000089400000, 0x0000000089400000|100%| E|CS|TAMS 0x0000000089300000| PB 0x0000000089300000| Complete |  0
|  94|0x0000000089400000, 0x0000000089500000, 0x0000000089500000|100%| E|CS|TAMS 0x0000000089400000| PB 0x0000000089400000| Complete |  0
|  95|0x0000000089500000, 0x0000000089600000, 0x0000000089600000|100%| E|CS|TAMS 0x0000000089500000| PB 0x0000000089500000| Complete |  0
|  96|0x0000000089600000, 0x0000000089700000, 0x0000000089700000|100%| E|CS|TAMS 0x0000000089600000| PB 0x0000000089600000| Complete |  0
|  97|0x0000000089700000, 0x0000000089800000, 0x0000000089800000|100%| E|CS|TAMS 0x0000000089700000| PB 0x0000000089700000| Complete |  0
|  98|0x0000000089800000, 0x0000000089900000, 0x0000000089900000|100%| E|CS|TAMS 0x0000000089800000| PB 0x0000000089800000| Complete |  0
|  99|0x0000000089900000, 0x0000000089a00000, 0x0000000089a00000|100%| E|CS|TAMS 0x0000000089900000| PB 0x0000000089900000| Complete |  0
| 100|0x0000000089a00000, 0x0000000089b00000, 0x0000000089b00000|100%| E|CS|TAMS 0x0000000089a00000| PB 0x0000000089a00000| Complete |  0
| 101|0x0000000089b00000, 0x0000000089c00000, 0x0000000089c00000|100%| E|CS|TAMS 0x0000000089b00000| PB 0x0000000089b00000| Complete |  0
| 102|0x0000000089c00000, 0x0000000089d00000, 0x0000000089d00000|100%| E|CS|TAMS 0x0000000089c00000| PB 0x0000000089c00000| Complete |  0
| 103|0x0000000089d00000, 0x0000000089e00000, 0x0000000089e00000|100%| E|CS|TAMS 0x0000000089d00000| PB 0x0000000089d00000| Complete |  0
| 104|0x0000000089e00000, 0x0000000089f00000, 0x0000000089f00000|100%| E|CS|TAMS 0x0000000089e00000| PB 0x0000000089e00000| Complete |  0
| 105|0x0000000089f00000, 0x000000008a000000, 0x000000008a000000|100%| E|CS|TAMS 0x0000000089f00000| PB 0x0000000089f00000| Complete |  0
| 106|0x000000008a000000, 0x000000008a100000, 0x000000008a100000|100%| E|CS|TAMS 0x000000008a000000| PB 0x000000008a000000| Complete |  0
| 107|0x000000008a100000, 0x000000008a200000, 0x000000008a200000|100%| E|CS|TAMS 0x000000008a100000| PB 0x000000008a100000| Complete |  0
| 108|0x000000008a200000, 0x000000008a300000, 0x000000008a300000|100%| E|CS|TAMS 0x000000008a200000| PB 0x000000008a200000| Complete |  0
| 109|0x000000008a300000, 0x000000008a400000, 0x000000008a400000|100%| E|CS|TAMS 0x000000008a300000| PB 0x000000008a300000| Complete |  0
| 110|0x000000008a400000, 0x000000008a500000, 0x000000008a500000|100%| E|CS|TAMS 0x000000008a400000| PB 0x000000008a400000| Complete |  0
| 111|0x000000008a500000, 0x000000008a600000, 0x000000008a600000|100%| E|CS|TAMS 0x000000008a500000| PB 0x000000008a500000| Complete |  0
| 112|0x000000008a600000, 0x000000008a700000, 0x000000008a700000|100%| E|CS|TAMS 0x000000008a600000| PB 0x000000008a600000| Complete |  0
| 113|0x000000008a700000, 0x000000008a800000, 0x000000008a800000|100%| E|CS|TAMS 0x000000008a700000| PB 0x000000008a700000| Complete |  0
| 114|0x000000008a800000, 0x000000008a900000, 0x000000008a900000|100%| E|CS|TAMS 0x000000008a800000| PB 0x000000008a800000| Complete |  0
| 115|0x000000008a900000, 0x000000008aa00000, 0x000000008aa00000|100%| E|CS|TAMS 0x000000008a900000| PB 0x000000008a900000| Complete |  0
| 116|0x000000008aa00000, 0x000000008ab00000, 0x000000008ab00000|100%| E|CS|TAMS 0x000000008aa00000| PB 0x000000008aa00000| Complete |  0
| 117|0x000000008ab00000, 0x000000008ac00000, 0x000000008ac00000|100%| E|CS|TAMS 0x000000008ab00000| PB 0x000000008ab00000| Complete |  0
| 118|0x000000008ac00000, 0x000000008ad00000, 0x000000008ad00000|100%| E|CS|TAMS 0x000000008ac00000| PB 0x000000008ac00000| Complete |  0
| 119|0x000000008ad00000, 0x000000008ae00000, 0x000000008ae00000|100%| E|CS|TAMS 0x000000008ad00000| PB 0x000000008ad00000| Complete |  0
| 120|0x000000008ae00000, 0x000000008af00000, 0x000000008af00000|100%| E|CS|TAMS 0x000000008ae00000| PB 0x000000008ae00000| Complete |  0
| 121|0x000000008af00000, 0x000000008b000000, 0x000000008b000000|100%| E|CS|TAMS 0x000000008af00000| PB 0x000000008af00000| Complete |  0
| 122|0x000000008b000000, 0x000000008b100000, 0x000000008b100000|100%| E|CS|TAMS 0x000000008b000000| PB 0x000000008b000000| Complete |  0
| 123|0x000000008b100000, 0x000000008b200000, 0x000000008b200000|100%| E|CS|TAMS 0x000000008b100000| PB 0x000000008b100000| Complete |  0
| 124|0x000000008b200000, 0x000000008b300000, 0x000000008b300000|100%| E|CS|TAMS 0x000000008b200000| PB 0x000000008b200000| Complete |  0
| 125|0x000000008b300000, 0x000000008b400000, 0x000000008b400000|100%| E|CS|TAMS 0x000000008b300000| PB 0x000000008b300000| Complete |  0
| 126|0x000000008b400000, 0x000000008b500000, 0x000000008b500000|100%| E|CS|TAMS 0x000000008b400000| PB 0x000000008b400000| Complete |  0
| 127|0x000000008b500000, 0x000000008b600000, 0x000000008b600000|100%| E|CS|TAMS 0x000000008b500000| PB 0x000000008b500000| Complete |  0
| 128|0x000000008b600000, 0x000000008b700000, 0x000000008b700000|100%| E|CS|TAMS 0x000000008b600000| PB 0x000000008b600000| Complete |  0
| 129|0x000000008b700000, 0x000000008b800000, 0x000000008b800000|100%| E|CS|TAMS 0x000000008b700000| PB 0x000000008b700000| Complete |  0
| 130|0x000000008b800000, 0x000000008b900000, 0x000000008b900000|100%| E|CS|TAMS 0x000000008b800000| PB 0x000000008b800000| Complete |  0
| 131|0x000000008b900000, 0x000000008ba00000, 0x000000008ba00000|100%| E|CS|TAMS 0x000000008b900000| PB 0x000000008b900000| Complete |  0
| 132|0x000000008ba00000, 0x000000008bb00000, 0x000000008bb00000|100%| E|CS|TAMS 0x000000008ba00000| PB 0x000000008ba00000| Complete |  0
| 133|0x000000008bb00000, 0x000000008bc00000, 0x000000008bc00000|100%| E|CS|TAMS 0x000000008bb00000| PB 0x000000008bb00000| Complete |  0
| 134|0x000000008bc00000, 0x000000008bd00000, 0x000000008bd00000|100%| E|CS|TAMS 0x000000008bc00000| PB 0x000000008bc00000| Complete |  0
| 135|0x000000008bd00000, 0x000000008be00000, 0x000000008be00000|100%| E|CS|TAMS 0x000000008bd00000| PB 0x000000008bd00000| Complete |  0
| 136|0x000000008be00000, 0x000000008bf00000, 0x000000008bf00000|100%| E|CS|TAMS 0x000000008be00000| PB 0x000000008be00000| Complete |  0
| 137|0x000000008bf00000, 0x000000008c000000, 0x000000008c000000|100%| E|CS|TAMS 0x000000008bf00000| PB 0x000000008bf00000| Complete |  0
| 138|0x000000008c000000, 0x000000008c100000, 0x000000008c100000|100%| E|CS|TAMS 0x000000008c000000| PB 0x000000008c000000| Complete |  0
| 139|0x000000008c100000, 0x000000008c200000, 0x000000008c200000|100%| E|CS|TAMS 0x000000008c100000| PB 0x000000008c100000| Complete |  0
| 140|0x000000008c200000, 0x000000008c300000, 0x000000008c300000|100%| E|CS|TAMS 0x000000008c200000| PB 0x000000008c200000| Complete |  0
| 141|0x000000008c300000, 0x000000008c400000, 0x000000008c400000|100%| E|CS|TAMS 0x000000008c300000| PB 0x000000008c300000| Complete |  0
| 142|0x000000008c400000, 0x000000008c500000, 0x000000008c500000|100%| E|CS|TAMS 0x000000008c400000| PB 0x000000008c400000| Complete |  0
| 143|0x000000008c500000, 0x000000008c600000, 0x000000008c600000|100%| E|CS|TAMS 0x000000008c500000| PB 0x000000008c500000| Complete |  0
| 144|0x000000008c600000, 0x000000008c700000, 0x000000008c700000|100%| E|CS|TAMS 0x000000008c600000| PB 0x000000008c600000| Complete |  0
| 145|0x000000008c700000, 0x000000008c800000, 0x000000008c800000|100%| E|CS|TAMS 0x000000008c700000| PB 0x000000008c700000| Complete |  0
| 146|0x000000008c800000, 0x000000008c900000, 0x000000008c900000|100%| E|CS|TAMS 0x000000008c800000| PB 0x000000008c800000| Complete |  0
| 147|0x000000008c900000, 0x000000008ca00000, 0x000000008ca00000|100%| E|CS|TAMS 0x000000008c900000| PB 0x000000008c900000| Complete |  0
| 148|0x000000008ca00000, 0x000000008cb00000, 0x000000008cb00000|100%| E|CS|TAMS 0x000000008ca00000| PB 0x000000008ca00000| Complete |  0
| 149|0x000000008cb00000, 0x000000008cc00000, 0x000000008cc00000|100%| E|CS|TAMS 0x000000008cb00000| PB 0x000000008cb00000| Complete |  0
| 150|0x000000008cc00000, 0x000000008cd00000, 0x000000008cd00000|100%| E|CS|TAMS 0x000000008cc00000| PB 0x000000008cc00000| Complete |  0
| 151|0x000000008cd00000, 0x000000008ce00000, 0x000000008ce00000|100%| E|CS|TAMS 0x000000008cd00000| PB 0x000000008cd00000| Complete |  0
| 152|0x000000008ce00000, 0x000000008cf00000, 0x000000008cf00000|100%| E|CS|TAMS 0x000000008ce00000| PB 0x000000008ce00000| Complete |  0
| 153|0x000000008cf00000, 0x000000008d000000, 0x000000008d000000|100%| E|CS|TAMS 0x000000008cf00000| PB 0x000000008cf00000| Complete |  0

Card table byte_map: [0x000001cef1430000,0x000001cef1820000] _byte_map_base: 0x000001cef1015000

Marking Bits: (CMBitMap*) 0x000001cee5a2e860
 Bits: [0x000001cef1820000, 0x000001cef3748000)

Polling page: 0x000001cee5180000

Metaspace:

Usage:
  Non-class:     82.68 MB used.
      Class:     13.64 MB used.
       Both:     96.32 MB used.

Virtual space:
  Non-class space:      128.00 MB reserved,      83.19 MB ( 65%) committed,  2 nodes.
      Class space:        1.00 GB reserved,      14.06 MB (  1%) committed,  1 nodes.
             Both:        1.12 GB reserved,      97.25 MB (  8%) committed. 

Chunk freelists:
   Non-Class:  12.38 MB
       Class:  2.00 MB
        Both:  14.38 MB

MaxMetaspaceSize: unlimited
CompressedClassSpaceSize: 1.00 GB
Initial GC threshold: 21.00 MB
Current GC threshold: 161.38 MB
CDS: on
 - commit_granule_bytes: 65536.
 - commit_granule_words: 8192.
 - virtual_space_node_default_size: 8388608.
 - enlarge_chunks_in_place: 1.
 - use_allocation_guard: 0.


Internal statistics:

num_allocs_failed_limit: 6.
num_arena_births: 2674.
num_arena_deaths: 1348.
num_vsnodes_births: 3.
num_vsnodes_deaths: 0.
num_space_committed: 1556.
num_space_uncommitted: 0.
num_chunks_returned_to_freelist: 1571.
num_chunks_taken_from_freelist: 6864.
num_chunk_merges: 369.
num_chunk_splits: 4229.
num_chunks_enlarged: 3153.
num_inconsistent_stats: 0.

CodeCache: size=49152Kb used=20234Kb max_used=31528Kb free=28917Kb
 bounds [0x000001ceedd10000, 0x000001ceefbe0000, 0x000001cef0d10000]
 total_blobs=9861 nmethods=8789 adapters=993
 compilation: enabled
              stopped_count=0, restarted_count=0
 full_count=0

Compilation events (20 events):
Event: 787.252 Thread 0x000001cef6462e90 nmethod 23127 0x000001ceee8e9790 code [0x000001ceee8e99a0, 0x000001ceee8e9e40]
Event: 787.252 Thread 0x000001cecf5987d0 nmethod 23129 0x000001ceef300590 code [0x000001ceef300760, 0x000001ceef300940]
Event: 787.253 Thread 0x000001cecf594a80 23132       1       java.security.spec.ECFieldFp::getP (5 bytes)
Event: 787.253 Thread 0x000001cef6462e90 23130       1       java.security.KeyPairGenerator::<init> (10 bytes)
Event: 787.253 Thread 0x000001cecf5987d0 23131   !   1       java.security.KeyPairGenerator$Delegate::initialize (93 bytes)
Event: 787.253 Thread 0x000001cecf594a80 nmethod 23132 0x000001ceee91c110 code [0x000001ceee91c2a0, 0x000001ceee91c368]
Event: 787.253 Thread 0x000001cef6462e90 nmethod 23130 0x000001ceeefa7a10 code [0x000001ceeefa7ba0, 0x000001ceeefa7cb0]
Event: 787.253 Thread 0x000001cecf594a80 23133       1       sun.security.ec.ECOperations::allZero (33 bytes)
Event: 787.253 Thread 0x000001cef6462e90 23134       1       java.math.MutableBigInteger::<init> (42 bytes)
Event: 787.253 Thread 0x000001cecf594a80 nmethod 23133 0x000001ceeefae110 code [0x000001ceeefae2a0, 0x000001ceeefae390]
Event: 787.253 Thread 0x000001cecf5987d0 nmethod 23131 0x000001ceee867e10 code [0x000001ceee868000, 0x000001ceee868428]
Event: 787.254 Thread 0x000001cef6462e90 nmethod 23134 0x000001ceef419110 code [0x000001ceef4192c0, 0x000001ceef419428]
Event: 787.256 Thread 0x000001cecf594a80 23135       1       java.util.List::copyOf (5 bytes)
Event: 787.256 Thread 0x000001cecf594a80 nmethod 23135 0x000001ceee927c90 code [0x000001ceee927e20, 0x000001ceee927ee8]
Event: 787.256 Thread 0x000001cecf594a80 23136       1       java.math.BigInteger::oddModPow (795 bytes)
Event: 787.256 Thread 0x000001cecf5987d0 23137       1       java.math.MutableBigInteger::<init> (22 bytes)
Event: 787.257 Thread 0x000001cecf5987d0 nmethod 23137 0x000001ceef419990 code [0x000001ceef419b20, 0x000001ceef419ce0]
Event: 787.257 Thread 0x000001cecf5987d0 23138       1       java.security.spec.ECParameterSpec::getOrder (5 bytes)
Event: 787.257 Thread 0x000001cecf5987d0 nmethod 23138 0x000001ceee928310 code [0x000001ceee9284a0, 0x000001ceee928568]
Event: 787.258 Thread 0x000001cecf594a80 nmethod 23136 0x000001ceee8aa910 code [0x000001ceee8aacc0, 0x000001ceee8acaa0]

GC Heap History (20 events):
Event: 515.259 GC heap before
{Heap before GC invocations=49 (full 0):
 garbage-first heap   total reserved 2041856K, committed 178176K, used 163984K [0x0000000083600000, 0x0000000100000000)
  region size 1024K, 95 young (97280K), 2 survivors (2048K)
 Metaspace       used 96531K, committed 97856K, reserved 1179648K
  class space    used 13743K, committed 14336K, reserved 1048576K
}
Event: 515.263 GC heap after
{Heap after GC invocations=50 (full 0):
 garbage-first heap   total reserved 2041856K, committed 178176K, used 69659K [0x0000000083600000, 0x0000000100000000)
  region size 1024K, 2 young (2048K), 2 survivors (2048K)
 Metaspace       used 96531K, committed 97856K, reserved 1179648K
  class space    used 13743K, committed 14336K, reserved 1048576K
}
Event: 697.096 GC heap before
{Heap before GC invocations=50 (full 0):
 garbage-first heap   total reserved 2041856K, committed 178176K, used 160795K [0x0000000083600000, 0x0000000100000000)
  region size 1024K, 92 young (94208K), 2 survivors (2048K)
 Metaspace       used 96707K, committed 97920K, reserved 1179648K
  class space    used 13787K, committed 14336K, reserved 1048576K
}
Event: 697.189 GC heap after
{Heap after GC invocations=51 (full 1):
 garbage-first heap   total reserved 2041856K, committed 167936K, used 47110K [0x0000000083600000, 0x0000000100000000)
  region size 1024K, 0 young (0K), 0 survivors (0K)
 Metaspace       used 96689K, committed 97920K, reserved 1179648K
  class space    used 13782K, committed 14336K, reserved 1048576K
}
Event: 697.998 GC heap before
{Heap before GC invocations=51 (full 1):
 garbage-first heap   total reserved 2041856K, committed 167936K, used 126982K [0x0000000083600000, 0x0000000100000000)
  region size 1024K, 80 young (81920K), 0 survivors (0K)
 Metaspace       used 97356K, committed 98496K, reserved 1179648K
  class space    used 13887K, committed 14400K, reserved 1048576K
}
Event: 698.003 GC heap after
{Heap after GC invocations=52 (full 1):
 garbage-first heap   total reserved 2041856K, committed 167936K, used 54180K [0x0000000083600000, 0x0000000100000000)
  region size 1024K, 7 young (7168K), 7 survivors (7168K)
 Metaspace       used 97356K, committed 98496K, reserved 1179648K
  class space    used 13887K, committed 14400K, reserved 1048576K
}
Event: 698.516 GC heap before
{Heap before GC invocations=53 (full 1):
 garbage-first heap   total reserved 2041856K, committed 167936K, used 98212K [0x0000000083600000, 0x0000000100000000)
  region size 1024K, 52 young (53248K), 7 survivors (7168K)
 Metaspace       used 97122K, committed 98496K, reserved 1179648K
  class space    used 13811K, committed 14400K, reserved 1048576K
}
Event: 698.522 GC heap after
{Heap after GC invocations=54 (full 1):
 garbage-first heap   total reserved 2041856K, committed 167936K, used 57524K [0x0000000083600000, 0x0000000100000000)
  region size 1024K, 11 young (11264K), 11 survivors (11264K)
 Metaspace       used 97122K, committed 98496K, reserved 1179648K
  class space    used 13811K, committed 14400K, reserved 1048576K
}
Event: 701.863 GC heap before
{Heap before GC invocations=55 (full 1):
 garbage-first heap   total reserved 2041856K, committed 167936K, used 143540K [0x0000000083600000, 0x0000000100000000)
  region size 1024K, 95 young (97280K), 11 survivors (11264K)
 Metaspace       used 98060K, committed 99136K, reserved 1179648K
  class space    used 13894K, committed 14400K, reserved 1048576K
}
Event: 701.874 GC heap after
{Heap after GC invocations=56 (full 1):
 garbage-first heap   total reserved 2041856K, committed 167936K, used 64544K [0x0000000083600000, 0x0000000100000000)
  region size 1024K, 11 young (11264K), 11 survivors (11264K)
 Metaspace       used 98060K, committed 99136K, reserved 1179648K
  class space    used 13894K, committed 14400K, reserved 1048576K
}
Event: 701.982 GC heap before
{Heap before GC invocations=56 (full 1):
 garbage-first heap   total reserved 2041856K, committed 167936K, used 120864K [0x0000000083600000, 0x0000000100000000)
  region size 1024K, 67 young (68608K), 11 survivors (11264K)
 Metaspace       used 98060K, committed 99136K, reserved 1179648K
  class space    used 13894K, committed 14400K, reserved 1048576K
}
Event: 701.992 GC heap after
{Heap after GC invocations=57 (full 1):
 garbage-first heap   total reserved 2041856K, committed 167936K, used 77167K [0x0000000083600000, 0x0000000100000000)
  region size 1024K, 11 young (11264K), 11 survivors (11264K)
 Metaspace       used 98060K, committed 99136K, reserved 1179648K
  class space    used 13894K, committed 14400K, reserved 1048576K
}
Event: 702.107 GC heap before
{Heap before GC invocations=58 (full 1):
 garbage-first heap   total reserved 2041856K, committed 167936K, used 143727K [0x0000000083600000, 0x0000000100000000)
  region size 1024K, 75 young (76800K), 11 survivors (11264K)
 Metaspace       used 98062K, committed 99136K, reserved 1179648K
  class space    used 13895K, committed 14400K, reserved 1048576K
}
Event: 702.112 GC heap after
{Heap after GC invocations=59 (full 1):
 garbage-first heap   total reserved 2041856K, committed 167936K, used 81857K [0x0000000083600000, 0x0000000100000000)
  region size 1024K, 3 young (3072K), 3 survivors (3072K)
 Metaspace       used 98062K, committed 99136K, reserved 1179648K
  class space    used 13895K, committed 14400K, reserved 1048576K
}
Event: 702.172 GC heap before
{Heap before GC invocations=59 (full 1):
 garbage-first heap   total reserved 2041856K, committed 167936K, used 146369K [0x0000000083600000, 0x0000000100000000)
  region size 1024K, 66 young (67584K), 3 survivors (3072K)
 Metaspace       used 98062K, committed 99136K, reserved 1179648K
  class space    used 13895K, committed 14400K, reserved 1048576K
}
Event: 702.175 GC heap after
{Heap after GC invocations=60 (full 1):
 garbage-first heap   total reserved 2041856K, committed 167936K, used 84636K [0x0000000083600000, 0x0000000100000000)
  region size 1024K, 5 young (5120K), 5 survivors (5120K)
 Metaspace       used 98062K, committed 99136K, reserved 1179648K
  class space    used 13895K, committed 14400K, reserved 1048576K
}
Event: 702.376 GC heap before
{Heap before GC invocations=60 (full 1):
 garbage-first heap   total reserved 2041856K, committed 167936K, used 147100K [0x0000000083600000, 0x0000000100000000)
  region size 1024K, 67 young (68608K), 5 survivors (5120K)
 Metaspace       used 98183K, committed 99264K, reserved 1179648K
  class space    used 13925K, committed 14400K, reserved 1048576K
}
Event: 702.379 GC heap after
{Heap after GC invocations=61 (full 1):
 garbage-first heap   total reserved 2041856K, committed 167936K, used 84735K [0x0000000083600000, 0x0000000100000000)
  region size 1024K, 5 young (5120K), 5 survivors (5120K)
 Metaspace       used 98183K, committed 99264K, reserved 1179648K
  class space    used 13925K, committed 14400K, reserved 1048576K
}
Event: 785.601 GC heap before
{Heap before GC invocations=62 (full 1):
 garbage-first heap   total reserved 2041856K, committed 167936K, used 115455K [0x0000000083600000, 0x0000000100000000)
  region size 1024K, 41 young (41984K), 5 survivors (5120K)
 Metaspace       used 98199K, committed 99264K, reserved 1179648K
  class space    used 13927K, committed 14400K, reserved 1048576K
}
Event: 785.656 GC heap after
{Heap after GC invocations=63 (full 2):
 garbage-first heap   total reserved 2041856K, committed 157696K, used 45648K [0x0000000083600000, 0x0000000100000000)
  region size 1024K, 0 young (0K), 0 survivors (0K)
 Metaspace       used 98026K, committed 99264K, reserved 1179648K
  class space    used 13884K, committed 14400K, reserved 1048576K
}

Dll operation events (12 events):
Event: 0.008 Loaded shared library C:\Program Files\Java\jdk-22\bin\java.dll
Event: 0.167 Loaded shared library C:\Program Files\Java\jdk-22\bin\zip.dll
Event: 0.170 Loaded shared library C:\Program Files\Java\jdk-22\bin\instrument.dll
Event: 0.173 Loaded shared library C:\Program Files\Java\jdk-22\bin\net.dll
Event: 0.174 Loaded shared library C:\Program Files\Java\jdk-22\bin\nio.dll
Event: 0.176 Loaded shared library C:\Program Files\Java\jdk-22\bin\zip.dll
Event: 0.274 Loaded shared library C:\Program Files\Java\jdk-22\bin\jimage.dll
Event: 0.303 Loaded shared library C:\Program Files\Java\jdk-22\bin\management.dll
Event: 0.309 Loaded shared library C:\Program Files\Java\jdk-22\bin\management_ext.dll
Event: 0.442 Loaded shared library C:\Program Files\Java\jdk-22\bin\extnet.dll
Event: 0.455 Loaded shared library C:\Program Files\Java\jdk-22\bin\verify.dll
Event: 1.383 Loaded shared library C:\Program Files\Java\jdk-22\bin\sunmscapi.dll

Deoptimization events (20 events):
Event: 786.765 Thread 0x000001cec8f040f0 DEOPT PACKING pc=0x000001ceee5c48f4 sp=0x000000a73a4fb6d0
Event: 786.765 Thread 0x000001cec8f040f0 DEOPT UNPACKING pc=0x000001ceedd688e2 sp=0x000000a73a4fac08 mode 1
Event: 786.765 Thread 0x000001cec8f040f0 DEOPT PACKING pc=0x000001ceee5c58e4 sp=0x000000a73a4fb7c0
Event: 786.765 Thread 0x000001cec8f040f0 DEOPT UNPACKING pc=0x000001ceedd688e2 sp=0x000000a73a4fad70 mode 1
Event: 786.765 Thread 0x000001cec8f040f0 DEOPT PACKING pc=0x000001ceee5c2214 sp=0x000000a73a4fb930
Event: 786.765 Thread 0x000001cec8f040f0 DEOPT UNPACKING pc=0x000001ceedd688e2 sp=0x000000a73a4faef0 mode 1
Event: 786.765 Thread 0x000001cec8f040f0 DEOPT PACKING pc=0x000001ceee5c48f4 sp=0x000000a73a4fb6d0
Event: 786.765 Thread 0x000001cec8f040f0 DEOPT UNPACKING pc=0x000001ceedd688e2 sp=0x000000a73a4fac08 mode 1
Event: 786.765 Thread 0x000001cec8f040f0 DEOPT PACKING pc=0x000001ceee5c58e4 sp=0x000000a73a4fb7c0
Event: 786.765 Thread 0x000001cec8f040f0 DEOPT UNPACKING pc=0x000001ceedd688e2 sp=0x000000a73a4fad70 mode 1
Event: 786.765 Thread 0x000001cec8f040f0 DEOPT PACKING pc=0x000001ceee5c2214 sp=0x000000a73a4fb930
Event: 786.765 Thread 0x000001cec8f040f0 DEOPT UNPACKING pc=0x000001ceedd688e2 sp=0x000000a73a4faef0 mode 1
Event: 793.091 Thread 0x000001cec8f040f0 DEOPT PACKING pc=0x000001ceee0d6494 sp=0x000000a73a4fc660
Event: 793.091 Thread 0x000001cec8f040f0 DEOPT UNPACKING pc=0x000001ceedd688e2 sp=0x000000a73a4fbb18 mode 0
Event: 793.106 Thread 0x000001cec52a4d90 DEOPT PACKING pc=0x000001ceee5c48f4 sp=0x000000a73b8fb130
Event: 793.106 Thread 0x000001cec52a4d90 DEOPT UNPACKING pc=0x000001ceedd688e2 sp=0x000000a73b8fa668 mode 1
Event: 793.106 Thread 0x000001cec52a4d90 DEOPT PACKING pc=0x000001ceee5c58e4 sp=0x000000a73b8fb220
Event: 793.106 Thread 0x000001cec52a4d90 DEOPT UNPACKING pc=0x000001ceedd688e2 sp=0x000000a73b8fa7d0 mode 1
Event: 793.106 Thread 0x000001cec52a4d90 DEOPT PACKING pc=0x000001ceee5c2214 sp=0x000000a73b8fb390
Event: 793.106 Thread 0x000001cec52a4d90 DEOPT UNPACKING pc=0x000001ceedd688e2 sp=0x000000a73b8fa950 mode 1

Classes loaded (20 events):
Event: 697.065 Loading class javax/crypto/BadPaddingException done
Event: 697.065 Loading class javax/crypto/AEADBadTagException done
Event: 697.087 Loading class java/io/FileOutputStream$1
Event: 697.087 Loading class java/io/FileOutputStream$1 done
Event: 697.190 Loading class java/lang/ref/Finalizer$2
Event: 697.190 Loading class java/lang/ref/Finalizer$2 done
Event: 697.191 Loading class java/lang/ref/Finalizer$1
Event: 697.191 Loading class java/lang/ref/Finalizer$1 done
Event: 697.248 Loading class java/lang/ObjectBeanInfo
Event: 697.248 Loading class java/lang/ObjectBeanInfo done
Event: 697.248 Loading class java/lang/ObjectBeanInfo
Event: 697.248 Loading class java/lang/ObjectBeanInfo done
Event: 697.248 Loading class java/lang/ObjectCustomizer
Event: 697.248 Loading class java/lang/ObjectCustomizer done
Event: 697.248 Loading class java/lang/ObjectCustomizer
Event: 697.248 Loading class java/lang/ObjectCustomizer done
Event: 697.819 Loading class java/time/DurationEditor
Event: 697.819 Loading class java/time/DurationEditor done
Event: 701.482 Loading class java/io/StreamCorruptedException
Event: 701.483 Loading class java/io/StreamCorruptedException done

Classes unloaded (20 events):
Event: 785.615 Thread 0x000001cef642c0b0 Unloading class 0x000001ce8160dc00 'java/lang/invoke/LambdaForm$MH+0x000001ce8160dc00'
Event: 785.615 Thread 0x000001cef642c0b0 Unloading class 0x000001ce8160c400 'java/lang/invoke/LambdaForm$MH+0x000001ce8160c400'
Event: 785.615 Thread 0x000001cef642c0b0 Unloading class 0x000001ce81606800 'java/lang/invoke/LambdaForm$MH+0x000001ce81606800'
Event: 785.615 Thread 0x000001cef642c0b0 Unloading class 0x000001ce81605800 'java/lang/invoke/LambdaForm$MH+0x000001ce81605800'
Event: 785.615 Thread 0x000001cef642c0b0 Unloading class 0x000001ce81604c00 'java/lang/invoke/LambdaForm$MH+0x000001ce81604c00'
Event: 785.615 Thread 0x000001cef642c0b0 Unloading class 0x000001ce8152d000 'java/lang/invoke/LambdaForm$MH+0x000001ce8152d000'
Event: 785.615 Thread 0x000001cef642c0b0 Unloading class 0x000001ce81510800 'java/lang/invoke/LambdaForm$MH+0x000001ce81510800'
Event: 785.615 Thread 0x000001cef642c0b0 Unloading class 0x000001ce8150a000 'java/lang/invoke/LambdaForm$MH+0x000001ce8150a000'
Event: 785.615 Thread 0x000001cef642c0b0 Unloading class 0x000001ce81509800 'java/lang/invoke/LambdaForm$MH+0x000001ce81509800'
Event: 785.615 Thread 0x000001cef642c0b0 Unloading class 0x000001ce81508c00 'java/lang/invoke/LambdaForm$MH+0x000001ce81508c00'
Event: 785.615 Thread 0x000001cef642c0b0 Unloading class 0x000001ce81508400 'java/lang/invoke/LambdaForm$MH+0x000001ce81508400'
Event: 785.615 Thread 0x000001cef642c0b0 Unloading class 0x000001ce814f4800 'java/lang/invoke/LambdaForm$MH+0x000001ce814f4800'
Event: 785.615 Thread 0x000001cef642c0b0 Unloading class 0x000001ce814e5000 'java/lang/invoke/LambdaForm$MH+0x000001ce814e5000'
Event: 785.615 Thread 0x000001cef642c0b0 Unloading class 0x000001ce814e4400 'java/lang/invoke/LambdaForm$MH+0x000001ce814e4400'
Event: 785.615 Thread 0x000001cef642c0b0 Unloading class 0x000001ce814d4800 'java/lang/invoke/LambdaForm$MH+0x000001ce814d4800'
Event: 785.615 Thread 0x000001cef642c0b0 Unloading class 0x000001ce814c9800 'java/lang/invoke/LambdaForm$MH+0x000001ce814c9800'
Event: 785.615 Thread 0x000001cef642c0b0 Unloading class 0x000001ce81324400 'java/lang/invoke/LambdaForm$MH+0x000001ce81324400'
Event: 785.615 Thread 0x000001cef642c0b0 Unloading class 0x000001ce8113d000 'java/lang/invoke/LambdaForm$MH+0x000001ce8113d000'
Event: 785.615 Thread 0x000001cef642c0b0 Unloading class 0x000001ce810c3400 'java/lang/invoke/LambdaForm$MH+0x000001ce810c3400'
Event: 785.615 Thread 0x000001cef642c0b0 Unloading class 0x000001ce810c3000 'java/lang/invoke/LambdaForm$MH+0x000001ce810c3000'

Classes redefined (5 events):
Event: 784.686 Thread 0x000001cef642c0b0 redefined class name=vn.iotstar.configs.JwtAuthenticationFilter, count=1
Event: 784.686 Thread 0x000001cef642c0b0 redefined class name=vn.iotstar.configs.JwtAuthenticationFilter, count=1
Event: 793.114 Thread 0x000001cef642c0b0 redefined class name=vn.iotstar.configs.JwtAuthenticationFilter, count=2
Event: 793.114 Thread 0x000001cef642c0b0 redefined class name=vn.iotstar.configs.JwtAuthenticationFilter, count=1
Event: 793.114 Thread 0x000001cef642c0b0 redefined class name=vn.iotstar.configs.JwtAuthenticationFilter, count=2

Internal exceptions (20 events):
Event: 702.163 Thread 0x000001cec8f06850 Exception <a 'sun/nio/fs/WindowsException'{0x000000008ac947c0}> (0x000000008ac947c0) 
thrown [s\open\src\hotspot\share\prims\jni.cpp, line 520]
Event: 702.164 Thread 0x000001cec8f06850 Exception <a 'sun/nio/fs/WindowsException'{0x000000008ac950b0}> (0x000000008ac950b0) 
thrown [s\open\src\hotspot\share\prims\jni.cpp, line 520]
Event: 702.164 Thread 0x000001cec8f06850 Exception <a 'sun/nio/fs/WindowsException'{0x000000008ac95340}> (0x000000008ac95340) 
thrown [s\open\src\hotspot\share\prims\jni.cpp, line 520]
Event: 702.164 Thread 0x000001cec8f06850 Exception <a 'sun/nio/fs/WindowsException'{0x000000008ac95c30}> (0x000000008ac95c30) 
thrown [s\open\src\hotspot\share\prims\jni.cpp, line 520]
Event: 702.164 Thread 0x000001cec8f06850 Exception <a 'sun/nio/fs/WindowsException'{0x000000008ac95ed0}> (0x000000008ac95ed0) 
thrown [s\open\src\hotspot\share\prims\jni.cpp, line 520]
Event: 702.164 Thread 0x000001cec8f06850 Exception <a 'sun/nio/fs/WindowsException'{0x000000008ac967e8}> (0x000000008ac967e8) 
thrown [s\open\src\hotspot\share\prims\jni.cpp, line 520]
Event: 702.164 Thread 0x000001cec8f06850 Exception <a 'sun/nio/fs/WindowsException'{0x000000008ac96aa8}> (0x000000008ac96aa8) 
thrown [s\open\src\hotspot\share\prims\jni.cpp, line 520]
Event: 702.164 Thread 0x000001cec8f06850 Exception <a 'sun/nio/fs/WindowsException'{0x000000008ac973d0}> (0x000000008ac973d0) 
thrown [s\open\src\hotspot\share\prims\jni.cpp, line 520]
Event: 702.164 Thread 0x000001cec8f06850 Exception <a 'sun/nio/fs/WindowsException'{0x000000008ac976a0}> (0x000000008ac976a0) 
thrown [s\open\src\hotspot\share\prims\jni.cpp, line 520]
Event: 702.165 Thread 0x000001cec8f06850 Exception <a 'sun/nio/fs/WindowsException'{0x000000008ac97fb8}> (0x000000008ac97fb8) 
thrown [s\open\src\hotspot\share\prims\jni.cpp, line 520]
Event: 702.165 Thread 0x000001cec8f06850 Exception <a 'sun/nio/fs/WindowsException'{0x000000008ac98288}> (0x000000008ac98288) 
thrown [s\open\src\hotspot\share\prims\jni.cpp, line 520]
Event: 785.601 Thread 0x000001cecf3aec40 Exception <a 'java/lang/InterruptedException'{0x000000008b695a20}: sleep interrupted> (0x000000008b695a20) 
thrown [s\open\src\hotspot\share\prims\jvm.cpp, line 3093]
Event: 785.667 Thread 0x000001cec8f040f0 Exception <a 'sun/nio/fs/WindowsException'{0x000000008cf84620}> (0x000000008cf84620) 
thrown [s\open\src\hotspot\share\prims\jni.cpp, line 520]
Event: 786.092 Thread 0x000001cec8f040f0 Exception <a 'java/lang/NoClassDefFoundError'{0x0000000089a53630}: org/flywaydb/core/Flyway> (0x0000000089a53630) 
thrown [s\open\src\hotspot\share\oops\constantPool.cpp, line 872]
Event: 786.615 Thread 0x000001cec8f040f0 Exception <a 'java/lang/NoClassDefFoundError'{0x0000000089a53c90}: liquibase/integration/spring/SpringLiquibase> (0x0000000089a53c90) 
thrown [s\open\src\hotspot\share\oops\constantPool.cpp, line 872]
Event: 786.621 Thread 0x000001cec8f040f0 Exception <a 'java/lang/NoClassDefFoundError'{0x0000000089922418}: org/jooq/DSLContext> (0x0000000089922418) 
thrown [s\open\src\hotspot\share\oops\constantPool.cpp, line 872]
Event: 786.622 Thread 0x000001cec8f040f0 Exception <a 'java/lang/NoClassDefFoundError'{0x000000008993d948}: org/springframework/batch/core/repository/JobRepository> (0x000000008993d948) 
thrown [s\open\src\hotspot\share\oops\constantPool.cpp, line 872]
Event: 786.622 Thread 0x000001cec8f040f0 Exception <a 'java/lang/NoClassDefFoundError'{0x000000008993dfa0}: org/quartz/Scheduler> (0x000000008993dfa0) 
thrown [s\open\src\hotspot\share\oops\constantPool.cpp, line 872]
Event: 786.623 Thread 0x000001cec8f040f0 Exception <a 'java/lang/NoClassDefFoundError'{0x000000008993e620}: org/springframework/session/jdbc/JdbcIndexedSessionRepository> (0x000000008993e620) 
thrown [s\open\src\hotspot\share\oops\constantPool.cpp, line 872]
Event: 786.713 Thread 0x000001cec8f040f0 Exception <a 'java/io/FileNotFoundException'{0x0000000088ceccf8}> (0x0000000088ceccf8) 
thrown [s\open\src\hotspot\share\prims\jni.cpp, line 520]

ZGC Phase Switch (0 events):
No events

VM Operations (20 events):
Event: 786.949 Executing VM operation: get/set locals
Event: 786.949 Executing VM operation: get/set locals done
Event: 786.968 Executing VM operation: get/set locals
Event: 786.968 Executing VM operation: get/set locals done
Event: 787.968 Executing VM operation: Cleanup
Event: 787.968 Executing VM operation: Cleanup done
Event: 793.090 Executing VM operation: ChangeSingleStep
Event: 793.090 Executing VM operation: ChangeSingleStep done
Event: 793.091 Executing VM operation: ChangeSingleStep
Event: 793.091 Executing VM operation: ChangeSingleStep done
Event: 793.106 Executing VM operation: RedefineClasses
Event: 793.135 Executing VM operation: RedefineClasses done
Event: 793.148 Executing VM operation: ChangeBreakpoints
Event: 793.151 Executing VM operation: ChangeBreakpoints done
Event: 793.154 Executing VM operation: ChangeBreakpoints
Event: 793.157 Executing VM operation: ChangeBreakpoints done
Event: 793.158 Executing VM operation: ChangeBreakpoints
Event: 793.160 Executing VM operation: ChangeBreakpoints done
Event: 793.161 Executing VM operation: ChangeSingleStep
Event: 793.161 Executing VM operation: ChangeSingleStep done

Memory protections (0 events):
No events

Nmethod flushes (20 events):
Event: 785.629 Thread 0x000001cef642c0b0 flushing  nmethod 0x000001ceef93dd90
Event: 785.629 Thread 0x000001cef642c0b0 flushing  nmethod 0x000001ceef93e090
Event: 785.629 Thread 0x000001cef642c0b0 flushing  nmethod 0x000001ceef93e510
Event: 785.629 Thread 0x000001cef642c0b0 flushing  nmethod 0x000001ceef93ec10
Event: 785.629 Thread 0x000001cef642c0b0 flushing  nmethod 0x000001ceef93f210
Event: 785.629 Thread 0x000001cef642c0b0 flushing  nmethod 0x000001ceef98c990
Event: 785.629 Thread 0x000001cef642c0b0 flushing  nmethod 0x000001ceef98cc90
Event: 785.629 Thread 0x000001cef642c0b0 flushing  nmethod 0x000001ceef98d090
Event: 785.629 Thread 0x000001cef642c0b0 flushing  nmethod 0x000001ceef98d410
Event: 785.629 Thread 0x000001cef642c0b0 flushing  nmethod 0x000001ceef98db90
Event: 785.629 Thread 0x000001cef642c0b0 flushing  nmethod 0x000001ceef98df10
Event: 785.629 Thread 0x000001cef642c0b0 flushing  nmethod 0x000001ceef98e590
Event: 785.629 Thread 0x000001cef642c0b0 flushing  nmethod 0x000001ceef98e890
Event: 785.629 Thread 0x000001cef642c0b0 flushing  nmethod 0x000001ceef98ee10
Event: 785.629 Thread 0x000001cef642c0b0 flushing  nmethod 0x000001ceef98f190
Event: 785.629 Thread 0x000001cef642c0b0 flushing  nmethod 0x000001ceef98fd90
Event: 785.629 Thread 0x000001cef642c0b0 flushing  nmethod 0x000001ceef990090
Event: 785.629 Thread 0x000001cef642c0b0 flushing  nmethod 0x000001ceef990710
Event: 785.629 Thread 0x000001cef642c0b0 flushing  nmethod 0x000001ceef990d10
Event: 785.629 Thread 0x000001cef642c0b0 flushing  nmethod 0x000001ceef991010

Events (20 events):
Event: 785.596 Thread 0x000001cecf3afff0 Thread exited: 0x000001cecf3afff0
Event: 785.597 Thread 0x000001cec8f08920 Thread exited: 0x000001cec8f08920
Event: 785.601 Thread 0x000001cecf3ae5b0 Thread exited: 0x000001cecf3ae5b0
Event: 785.601 Thread 0x000001cecf3aec40 Thread exited: 0x000001cecf3aec40
Event: 785.601 Thread 0x000001cecf3b3b00 Thread exited: 0x000001cecf3b3b00
Event: 785.656 Thread 0x000001cec8f0a9f0 Thread added: 0x000001cec8f08290
Event: 785.657 Thread 0x000001cec8f08290 Thread exited: 0x000001cec8f08290
Event: 785.657 Thread 0x000001cec8f0a9f0 Thread added: 0x000001cec8f040f0
Event: 785.670 Thread 0x000001cef6462e90 Thread added: 0x000001cecf594a80
Event: 785.670 Thread 0x000001cef6462e90 Thread added: 0x000001cecf5987d0
Event: 785.670 Thread 0x000001cef6462e90 Thread added: 0x000001cecf598ea0
Event: 785.761 Thread 0x000001cec8f040f0 Thread added: 0x000001cec8f09640
Event: 785.785 Thread 0x000001cec8f09640 Thread exited: 0x000001cec8f09640
Event: 786.615 Thread 0x000001cecf598ea0 Thread exited: 0x000001cecf598ea0
Event: 786.757 Thread 0x000001cec8f040f0 Thread added: 0x000001cec8f0b080
Event: 786.758 Thread 0x000001cec8f040f0 Thread added: 0x000001cec8f08920
Event: 786.861 Thread 0x000001cec8f08920 Thread added: 0x000001cec8f054a0
Event: 792.265 Thread 0x000001cecf5987d0 Thread exited: 0x000001cecf5987d0
Event: 792.265 Thread 0x000001cecf594a80 Thread exited: 0x000001cecf594a80
Event: 792.311 Thread 0x000001cec8f054a0 Thread exited: 0x000001cec8f054a0


Dynamic libraries:
0x00007ff7c67a0000 - 0x00007ff7c67b0000 	C:\Program Files\Java\jdk-22\bin\javaw.exe
0x00007ffc081b0000 - 0x00007ffc083c7000 	C:\WINDOWS\SYSTEM32\ntdll.dll
0x00007ffc07090000 - 0x00007ffc07154000 	C:\WINDOWS\System32\KERNEL32.DLL
0x00007ffc052a0000 - 0x00007ffc05673000 	C:\WINDOWS\System32\KERNELBASE.dll
0x00007ffc05700000 - 0x00007ffc05811000 	C:\WINDOWS\System32\ucrtbase.dll
0x00007ffbfeea0000 - 0x00007ffbfeeb7000 	C:\Program Files\Java\jdk-22\bin\jli.dll
0x00007ffbfd9f0000 - 0x00007ffbfda0b000 	C:\Program Files\Java\jdk-22\bin\VCRUNTIME140.dll
0x00007ffc061a0000 - 0x00007ffc06351000 	C:\WINDOWS\System32\USER32.dll
0x00007ffc05d50000 - 0x00007ffc05d76000 	C:\WINDOWS\System32\win32u.dll
0x00007ffbeae40000 - 0x00007ffbeb0db000 	C:\WINDOWS\WinSxS\amd64_microsoft.windows.common-controls_6595b64144ccf1df_6.0.22621.5262_none_2712bde373830908\COMCTL32.dll
0x00007ffc07e10000 - 0x00007ffc07e39000 	C:\WINDOWS\System32\GDI32.dll
0x00007ffc06b10000 - 0x00007ffc06bb7000 	C:\WINDOWS\System32\msvcrt.dll
0x00007ffc05ad0000 - 0x00007ffc05bf2000 	C:\WINDOWS\System32\gdi32full.dll
0x00007ffc05c00000 - 0x00007ffc05c9a000 	C:\WINDOWS\System32\msvcp_win.dll
0x00007ffc05fa0000 - 0x00007ffc05fd1000 	C:\WINDOWS\System32\IMM32.DLL
0x00007ffbfde40000 - 0x00007ffbfde4c000 	C:\Program Files\Java\jdk-22\bin\vcruntime140_1.dll
0x00007ffbfd8f0000 - 0x00007ffbfd97e000 	C:\Program Files\Java\jdk-22\bin\msvcp140.dll
0x00007ffbd3600000 - 0x00007ffbd4349000 	C:\Program Files\Java\jdk-22\bin\server\jvm.dll
0x00007ffc05fe0000 - 0x00007ffc06091000 	C:\WINDOWS\System32\ADVAPI32.dll
0x00007ffc08050000 - 0x00007ffc080f7000 	C:\WINDOWS\System32\sechost.dll
0x00007ffc05ca0000 - 0x00007ffc05cc8000 	C:\WINDOWS\System32\bcrypt.dll
0x00007ffc07ec0000 - 0x00007ffc07fd4000 	C:\WINDOWS\System32\RPCRT4.dll
0x00007ffc07e40000 - 0x00007ffc07eb1000 	C:\WINDOWS\System32\WS2_32.dll
0x00007ffc040f0000 - 0x00007ffc0413d000 	C:\WINDOWS\SYSTEM32\POWRPROF.dll
0x00007ffbfe390000 - 0x00007ffbfe3c4000 	C:\WINDOWS\SYSTEM32\WINMM.dll
0x00007ffbfee90000 - 0x00007ffbfee9a000 	C:\WINDOWS\SYSTEM32\VERSION.dll
0x00007ffc040d0000 - 0x00007ffc040e3000 	C:\WINDOWS\SYSTEM32\UMPDC.dll
0x00007ffc04330000 - 0x00007ffc04348000 	C:\WINDOWS\SYSTEM32\kernel.appcore.dll
0x00007ffbfd9e0000 - 0x00007ffbfd9ea000 	C:\Program Files\Java\jdk-22\bin\jimage.dll
0x00007ffc02e80000 - 0x00007ffc030b2000 	C:\WINDOWS\SYSTEM32\DBGHELP.DLL
0x00007ffc06cf0000 - 0x00007ffc07083000 	C:\WINDOWS\System32\combase.dll
0x00007ffc060c0000 - 0x00007ffc06197000 	C:\WINDOWS\System32\OLEAUT32.dll
0x00007ffbe94f0000 - 0x00007ffbe9522000 	C:\WINDOWS\SYSTEM32\dbgcore.DLL
0x00007ffc05cd0000 - 0x00007ffc05d4b000 	C:\WINDOWS\System32\bcryptPrimitives.dll
0x00007ffbfd9a0000 - 0x00007ffbfd9dc000 	C:\Program Files\Java\jdk-22\bin\jdwp.dll
0x00007ffbfd8e0000 - 0x00007ffbfd8ef000 	C:\Program Files\Java\jdk-22\bin\instrument.dll
0x00007ffbfd8c0000 - 0x00007ffbfd8de000 	C:\Program Files\Java\jdk-22\bin\java.dll
0x00007ffc074f0000 - 0x00007ffc07d8d000 	C:\WINDOWS\System32\SHELL32.dll
0x00007ffc05990000 - 0x00007ffc05acf000 	C:\WINDOWS\System32\wintypes.dll
0x00007ffc06960000 - 0x00007ffc06b01000 	C:\WINDOWS\System32\ole32.dll
0x00007ffc031a0000 - 0x00007ffc03abd000 	C:\WINDOWS\SYSTEM32\windows.storage.dll
0x00007ffc06360000 - 0x00007ffc0646b000 	C:\WINDOWS\System32\SHCORE.dll
0x00007ffc08100000 - 0x00007ffc08166000 	C:\WINDOWS\System32\shlwapi.dll
0x00007ffc051d0000 - 0x00007ffc051fb000 	C:\WINDOWS\SYSTEM32\profapi.dll
0x00007ffbfbd10000 - 0x00007ffbfbd1c000 	C:\Program Files\Java\jdk-22\bin\dt_socket.dll
0x00007ffc03d90000 - 0x00007ffc03dbd000 	C:\WINDOWS\SYSTEM32\IPHLPAPI.DLL
0x00007ffc04800000 - 0x00007ffc0486a000 	C:\WINDOWS\system32\mswsock.dll
0x00007ffc03dc0000 - 0x00007ffc03eb8000 	C:\WINDOWS\SYSTEM32\DNSAPI.dll
0x00007ffc068f0000 - 0x00007ffc068f9000 	C:\WINDOWS\System32\NSI.dll
0x00007ffbfa900000 - 0x00007ffbfa90a000 	C:\Windows\System32\rasadhlp.dll
0x00007ffbfb9a0000 - 0x00007ffbfba23000 	C:\WINDOWS\System32\fwpuclnt.dll
0x00007ffbfbcf0000 - 0x00007ffbfbd07000 	C:\Program Files\Java\jdk-22\bin\zip.dll
0x00007ffbf4050000 - 0x00007ffbf4060000 	C:\Program Files\Java\jdk-22\bin\net.dll
0x00007ffbf1a20000 - 0x00007ffbf1a36000 	C:\Program Files\Java\jdk-22\bin\nio.dll
0x00007ffbf1a10000 - 0x00007ffbf1a1a000 	C:\Program Files\Java\jdk-22\bin\management.dll
0x00007ffbf1a00000 - 0x00007ffbf1a0b000 	C:\Program Files\Java\jdk-22\bin\management_ext.dll
0x00007ffc060a0000 - 0x00007ffc060a8000 	C:\WINDOWS\System32\PSAPI.DLL
0x00007ffbe3a10000 - 0x00007ffbe3a27000 	C:\WINDOWS\system32\napinsp.dll
0x00007ffbdea90000 - 0x00007ffbdeaab000 	C:\WINDOWS\system32\pnrpnsp.dll
0x00007ffbdea70000 - 0x00007ffbdea81000 	C:\WINDOWS\System32\winrnr.dll
0x00007ffbdea50000 - 0x00007ffbdea6f000 	C:\WINDOWS\system32\wshbth.dll
0x00007ffbdfa80000 - 0x00007ffbdfaa1000 	C:\WINDOWS\system32\nlansp_c.dll
0x00007ffc04aa0000 - 0x00007ffc04abb000 	C:\WINDOWS\SYSTEM32\CRYPTSP.dll
0x00007ffc042f0000 - 0x00007ffc04327000 	C:\WINDOWS\system32\rsaenh.dll
0x00007ffc048a0000 - 0x00007ffc048c8000 	C:\WINDOWS\SYSTEM32\USERENV.dll
0x00007ffc04a00000 - 0x00007ffc04a0c000 	C:\WINDOWS\SYSTEM32\CRYPTBASE.dll
0x00007ffbf19f0000 - 0x00007ffbf19f9000 	C:\Program Files\Java\jdk-22\bin\extnet.dll
0x00007ffbf19e0000 - 0x00007ffbf19f0000 	C:\Program Files\Java\jdk-22\bin\verify.dll
0x00007ffbf19d0000 - 0x00007ffbf19de000 	C:\Program Files\Java\jdk-22\bin\sunmscapi.dll
0x00007ffc05820000 - 0x00007ffc05987000 	C:\WINDOWS\System32\CRYPT32.dll
0x00007ffc04c40000 - 0x00007ffc04c6d000 	C:\WINDOWS\SYSTEM32\ncrypt.dll
0x00007ffc04c00000 - 0x00007ffc04c37000 	C:\WINDOWS\SYSTEM32\NTASN1.dll
0x00007ffbbc610000 - 0x00007ffbbc618000 	C:\WINDOWS\system32\wshunix.dll

dbghelp: loaded successfully - version: 4.0.5 - missing functions: none
symbol engine: initialized successfully - sym options: 0x614 - pdb path: .;C:\Program Files\Java\jdk-22\bin;C:\WINDOWS\SYSTEM32;C:\WINDOWS\WinSxS\amd64_microsoft.windows.common-controls_6595b64144ccf1df_6.0.22621.5262_none_2712bde373830908;C:\Program Files\Java\jdk-22\bin\server

VM Arguments:
jvm_args: -XX:+ShowCodeDetailsInExceptionMessages -agentlib:jdwp=transport=dt_socket,suspend=y,address=localhost:50514 -Dcom.sun.management.jmxremote -Dcom.sun.management.jmxremote.port=50513 -Dcom.sun.management.jmxremote.authenticate=false -Dcom.sun.management.jmxremote.ssl=false -Djava.rmi.server.hostname=localhost -Dspring.jmx.enabled=true -Dmanagement.endpoints.jmx.exposure.include=* -Dspring.application.admin.enabled=true -XX:TieredStopAtLevel=1 -Dspring.boot.project.name=BMW_ProjectCK -javaagent:D:\jPackages\eclipse\configuration\org.eclipse.osgi\446\0\.cp\lib\javaagent-shaded.jar -Dfile.encoding=UTF-8 -Dstdout.encoding=UTF-8 -Dstderr.encoding=UTF-8 
java_command: vn.iotstar.AloTraApplication --spring.output.ansi.enabled=always
java_class_path (initial): D:\Tailieuhoc\T5_BMW\PJ\BMW_ProjectCK\target\classes;C:\Users\THIEN'PC\.m2\repository\com\bucket4j\bucket4j_jdk17-core\8.14.0\bucket4j_jdk17-core-8.14.0.jar;C:\Users\THIEN'PC\.m2\repository\org\springframework\boot\spring-boot-starter-data-jpa\3.3.5\spring-boot-starter-data-jpa-3.3.5.jar;C:\Users\THIEN'PC\.m2\repository\org\springframework\boot\spring-boot-starter-aop\3.3.5\spring-boot-starter-aop-3.3.5.jar;C:\Users\THIEN'PC\.m2\repository\org\aspectj\aspectjweaver\1.9.22.1\aspectjweaver-1.9.22.1.jar;C:\Users\THIEN'PC\.m2\repository\org\springframework\boot\spring-boot-starter-jdbc\3.3.5\spring-boot-starter-jdbc-3.3.5.jar;C:\Users\THIEN'PC\.m2\repository\com\zaxxer\HikariCP\5.1.0\HikariCP-5.1.0.jar;C:\Users\THIEN'PC\.m2\repository\org\springframework\spring-jdbc\6.1.14\spring-jdbc-6.1.14.jar;C:\Users\THIEN'PC\.m2\repository\org\hibernate\orm\hibernate-core\6.5.3.Final\hibernate-core-6.5.3.Final.jar;C:\Users\THIEN'PC\.m2\repository\jakarta\persistence\jakarta.persistence-api\3.1.0\jakarta.persistence-api-3.1.0.jar;C:\Users\THIEN'PC\.m2\repository\jakarta\transaction\jakarta.transaction-api\2.0.1\jakarta.transaction-api-2.0.1.jar;C:\Users\THIEN'PC\.m2\repository\org\jboss\logging\jboss-logging\3.5.3.Final\jboss-logging-3.5.3.Final.jar;C:\Users\THIEN'PC\.m2\repository\org\hibernate\common\hibernate-commons-annotations\6.0.6.Final\hibernate-commons-annotations-6.0.6.Final.jar;C:\Users\THIEN'PC\.m2\repository\io\smallrye\jandex\3.1.2\jandex-3.1.2.jar;C:\Users\THIEN'PC\.m2\repository\com\fasterxml\classmate\1.7.0\classmate-1.7.0.jar;C:\Users\THIEN'PC\.m2\repository\net\bytebuddy\byte-buddy\1.14.19\byte-buddy-1.14.19.jar;C:\Users\THIEN'PC\.m2\repository\org\glassfish\jaxb\jaxb-runtime\4.0.5\jaxb-runtime-4.0.5.jar;C:\Users\THIEN'PC\.m2\repository\org\glassfish\jaxb\jaxb-core\4.0.5\jaxb-core-4.0.5.jar;C:\Users\THIEN'PC\.m2\repository\org\glassfish\jaxb\txw2\4.0.5\txw2-4.0.5.jar;C:\Users\THIEN'PC\.m2\repository\com\sun\istack\istack-commons-runtime\4.1.2\istack-commons-runtime-4.1.2.jar;C:\Users\THIEN'PC\.m2\repository\jakarta\inject\jakarta.inject-api\2.0.1\jakarta.inject-api-2.0.1.jar;C:\Users\THIEN'PC\.m2\repository\org\antlr\antlr4-runtime\4.13.0\antlr4-runtime-4.13.0.jar;C:\Users\THIEN'PC\.m2\repository\org\springframework\data\spring-data-jpa\3.3.5\spring-data-jpa-3.3.5.jar;C:\Users\THIEN'PC\.m2\repository\org\springframework\data\spring-data-commons\3.3.5\spring-data-commons-3.3.5.jar;C:\Users\THIEN'PC\.m2\repository\org\springframework\spring-orm\6.1.14\spring-orm-6.1.14.jar;C:\Users\THIEN'PC\.m2\repository\org\springframework\spring-context\6.1.14\spring-context-6.1.14.jar;C:\Users\THIEN'PC\.m2\repository\org\springframework\spring-tx\6.1.14\spring-tx-6.1.14.jar;C:\Users\THIEN'PC\.m2\repository\org\springframework\spring-beans\6.1.14\spring-beans-6.1.14.jar;C:\Users\THIEN'PC\.m2\repository\org\springframework\spring-aspects\6.1.14\spring-aspects-6.1.14.jar;C:\Users\THIEN'PC\.m2\repository\org\springframework\boot\spring-boot-starter-mail\3.3.5\spring-boot-starter-mail-3.3.5.jar;C:\Users\THIEN'PC\.m2\repository\org\springframework\boot\spring-boot-starter\3.3.5\spring-boot-starter-3.3.5.jar;C:\Users\THIEN'PC\.m2\repository\org\springframework\boot\spring-boot-starter-logging\3.3.5\spring-boot-starter-logging-3.3.5.jar;C:\Users\THIEN'PC\.m2\repository\ch\qos\logback\logback-classic\1.5.11\logback-classic-1.5.11.jar;C:\Users\THIEN'PC\.m2\repository\ch\qos\logback\logback-core\1.5.11\logback-core-1.5.11.jar;C:\Users\THIEN'PC\.m2\repository\org\apache\logging\log4j\log4j-to-slf4j\2.23.1\log4j-to-slf4j-2.23.1.jar;C:\Users\THIEN'PC\.m2\repository\org\apache\logging\log4j\log4j-api\2.23.1\log4j-api-2.23.1.jar;C:\Users\THIEN'PC\.m2\repository\org\slf4j\jul-to-slf4j\2.0.16\jul-to-slf4j-2.0.16.jar;C:\Users\THIEN'PC\.m2\repository\org\yaml\snakeyaml\2.2\snakeyaml-2.2.jar;C:\Users\THIEN'PC\.m2\repository\org\springframework\spring-context-support\6.1.14\spring-context-support-6.1.14.jar;C:\Users\THIEN'PC\.m2\repository\org\eclipse\angus\jakarta.mail\2.0.3\jakarta.mail-2.0.3.jar;C:\Users\THIEN'PC\.m2\repository\jakarta\activation\jakarta.activation-api\2.1.3\jakarta.activation-api-2.1.3.jar;C:\Users\THIEN'PC\.m2\repository\org\eclipse\angus\angus-activation\2.0.2\angus-activation-2.0.2.jar;C:\Users\THIEN'PC\.m2\repository\org\springframework\boot\spring-boot-starter-security\3.3.5\spring-boot-starter-security-3.3.5.jar;C:\Users\THIEN'PC\.m2\repository\org\springframework\spring-aop\6.1.14\spring-aop-6.1.14.jar;C:\Users\THIEN'PC\.m2\repository\org\springframework\security\spring-security-config\6.3.4\spring-security-config-6.3.4.jar;C:\Users\THIEN'PC\.m2\repository\org\springframework\security\spring-security-web\6.3.4\spring-security-web-6.3.4.jar;C:\Users\THIEN'PC\.m2\repository\org\springframework\spring-expression\6.1.14\spring-expression-6.1.14.jar;C:\Users\THIEN'PC\.m2\repository\io\jsonwebtoken\jjwt\0.9.1\jjwt-0.9.1.jar;C:\Users\THIEN'PC\.m2\repository\com\fasterxml\jackson\core\jackson-databind\2.17.2\jackson-databind-2.17.2.jar;C:\Users\THIEN'PC\.m2\repository\com\fasterxml\jackson\core\jackson-annotations\2.17.2\jackson-annotations-2.17.2.jar;C:\Users\THIEN'PC\.m2\repository\com\fasterxml\jackson\core\jackson-core\2.17.2\jackson-core-2.17.2.jar;C:\Users\THIEN'PC\.m2\repository\javax\xml\bind\jaxb-api\2.3.1\jaxb-api-2.3.1.jar;C:\Users\THIEN'PC\.m2\repository\javax\activation\javax.activation-api\1.2.0\javax.activation-api-1.2.0.jar;C:\Users\THIEN'PC\.m2\repository\org\springframework\boot\spring-boot-starter-thymeleaf\3.3.5\spring-boot-starter-thymeleaf-3.3.5.jar;C:\Users\THIEN'PC\.m2\repository\org\thymeleaf\thymeleaf-spring6\3.1.2.RELEASE\thymeleaf-spring6-3.1.2.RELEASE.jar;C:\Users\THIEN'PC\.m2\repository\org\springframework\boot\spring-boot-starter-validation\3.3.5\spring-boot-starter-validation-3.3.5.jar;C:\Users\THIEN'PC\.m2\repository\org\apache\tomcat\embed\tomcat-embed-el\10.1.31\tomcat-embed-el-10.1.31.jar;C:\Users\THIEN'PC\.m2\repository\org\hibernate\validator\hibernate-validator\8.0.1.Final\hibernate-validator-8.0.1.Final.jar;C:\Users\THIEN'PC\.m2\repository\jakarta\validation\jakarta.validation-api\3.0.2\jakarta.validation-api-3.0.2.jar;C:\Users\THIEN'PC\.m2\repository\org\springframework\boot\spring-boot-starter-web\3.3.5\spring-boot-starter-web-3.3.5.jar;C:\Users\THIEN'PC\.m2\repository\org\springframework\boot\spring-boot-starter-json\3.3.5\spring-boot-starter-json-3.3.5.jar;C:\Users\THIEN'PC\.m2\repository\com\fasterxml\jackson\datatype\jackson-datatype-jdk8\2.17.2\jackson-datatype-jdk8-2.17.2.jar;C:\Users\THIEN'PC\.m2\repository\com\fasterxml\jackson\datatype\jackson-datatype-jsr310\2.17.2\jackson-datatype-jsr310-2.17.2.jar;C:\Users\THIEN'PC\.m2\repository\com\fasterxml\jackson\module\jackson-module-parameter-names\2.17.2\jackson-module-parameter-names-2.17.2.jar;C:\Users\THIEN'PC\.m2\repository\org\springframework\spring-web\6.1.14\spring-web-6.1.14.jar;C:\Users\THIEN'PC\.m2\repository\io\micrometer\micrometer-observation\1.13.6\micrometer-observation-1.13.6.jar;C:\Users\THIEN'PC\.m2\repository\io\micrometer\micrometer-commons\1.13.6\micrometer-commons-1.13.6.jar;C:\Users\THIEN'PC\.m2\repository\org\springframework\spring-webmvc\6.1.14\spring-webmvc-6.1.14.jar;C:\Users\THIEN'PC\.m2\repository\org\springframework\session\spring-session-core\3.3.3\spring-session-core-3.3.3.jar;C:\Users\THIEN'PC\.m2\repository\org\springframework\spring-jcl\6.1.14\spring-jcl-6.1.14.jar;C:\Users\THIEN'PC\.m2\repository\org\thymeleaf\extras\thymeleaf-extras-springsecurity6\3.1.2.RELEASE\thymeleaf-extras-springsecurity6-3.1.2.RELEASE.jar;C:\Users\THIEN'PC\.m2\repository\org\slf4j\slf4j-api\2.0.16\slf4j-api-2.0.16.jar;C:\Users\THIEN'PC\.m2\repository\org\springframework\boot\spring-boot-devtools\3.3.5\spring-boot-devtools-3.3.5.jar;C:\Users\THIEN'PC\.m2\repository\org\springframework\boot\spring-boot\3.3.5\spring-boot-3.3.5.jar;C:\Users\THIEN'PC\.m2\repository\org\springframework\boot\spring-boot-autoconfigure\3.3.5\spring-boot-autoconfigure-3.3.5.jar;C:\Users\THIEN'PC\.m2\repository\com\h2database\h2\2.2.224\h2-2.2.224.jar;C:\Users\THIEN'PC\.m2\repository\com\microsoft\sqlserver\mssql-jdbc\12.6.4.jre11\mssql-jdbc-12.6.4.jre11.jar;C:\Users\THIEN'PC\.m2\repository\org\projectlombok\lombok\1.18.34\lombok-1.18.34.jar;C:\Users\THIEN'PC\.m2\repository\jakarta\xml\bind\jakarta.xml.bind-api\4.0.2\jakarta.xml.bind-api-4.0.2.jar;C:\Users\THIEN'PC\.m2\repository\org\springframework\spring-core\6.1.14\spring-core-6.1.14.jar;C:\Users\THIEN'PC\.m2\repository\org\springframework\security\spring-security-core\6.3.4\spring-security-core-6.3.4.jar;C:\Users\THIEN'PC\.m2\repository\org\springframework\security\spring-security-crypto\6.3.4\spring-security-crypto-6.3.4.jar;C:\Users\THIEN'PC\.m2\repository\nz\net\ultraq\thymeleaf\thymeleaf-layout-dialect\3.3.0\thymeleaf-layout-dialect-3.3.0.jar;C:\Users\THIEN'PC\.m2\repository\org\apache\groovy\groovy\4.0.23\groovy-4.0.23.jar;C:\Users\THIEN'PC\.m2\repository\nz\net\ultraq\groovy\groovy-extensions\2.1.0\groovy-extensions-2.1.0.jar;C:\Users\THIEN'PC\.m2\repository\nz\net\ultraq\thymeleaf\thymeleaf-expression-processor\3.2.0\thymeleaf-expression-processor-3.2.0.jar;C:\Users\THIEN'PC\.m2\repository\org\thymeleaf\thymeleaf\3.1.2.RELEASE\thymeleaf-3.1.2.RELEASE.jar;C:\Users\THIEN'PC\.m2\repository\ognl\ognl\3.3.4\ognl-3.3.4.jar;C:\Users\THIEN'PC\.m2\repository\org\javassist\javassist\3.29.0-GA\javassist-3.29.0-GA.jar;C:\Users\THIEN'PC\.m2\repository\org\attoparser\attoparser\2.0.7.RELEASE\attoparser-2.0.7.RELEASE.jar;C:\Users\THIEN'PC\.m2\repository\org\unbescape\unbescape\1.1.6.RELEASE\unbescape-1.1.6.RELEASE.jar;C:\Users\THIEN'PC\.m2\repository\org\springframework\boot\spring-boot-starter-tomcat\3.3.5\spring-boot-starter-tomcat-3.3.5.jar;C:\Users\THIEN'PC\.m2\repository\jakarta\annotation\jakarta.annotation-api\2.1.1\jakarta.annotation-api-2.1.1.jar;C:\Users\THIEN'PC\.m2\repository\org\apache\tomcat\embed\tomcat-embed-core\10.1.31\tomcat-embed-core-10.1.31.jar;C:\Users\THIEN'PC\.m2\repository\org\apache\tomcat\embed\tomcat-embed-websocket\10.1.31\tomcat-embed-websocket-10.1.31.jar;C:\Users\THIEN'PC\.m2\repository\org\springframework\boot\spring-boot-configuration-processor\3.3.5\spring-boot-configuration-processor-3.3.5.jar;C:\Users\THIEN'PC\.m2\repository\commons-io\commons-io\2.17.0\commons-io-2.17.0.jar;C:\Users\THIEN'PC\.m2\repository\org\apache\commons\commons-lang3\3.14.0\commons-lang3-3.14.0.jar;C:\Users\THIEN'PC\.m2\repository\io\springfox\springfox-swagger-ui\3.0.0\springfox-swagger-ui-3.0.0.jar;C:\Users\THIEN'PC\.m2\repository\io\springfox\springfox-spring-webmvc\3.0.0\springfox-spring-webmvc-3.0.0.jar;C:\Users\THIEN'PC\.m2\repository\io\springfox\springfox-spi\3.0.0\springfox-spi-3.0.0.jar;C:\Users\THIEN'PC\.m2\repository\io\springfox\springfox-schema\3.0.0\springfox-schema-3.0.0.jar;C:\Users\THIEN'PC\.m2\repository\io\springfox\springfox-core\3.0.0\springfox-core-3.0.0.jar;C:\Users\THIEN'PC\.m2\repository\io\springfox\springfox-spring-web\3.0.0\springfox-spring-web-3.0.0.jar;C:\Users\THIEN'PC\.m2\repository\org\springframework\plugin\spring-plugin-core\2.0.0.RELEASE\spring-plugin-core-2.0.0.RELEASE.jar;C:\Users\THIEN'PC\.m2\repository\org\springframework\plugin\spring-plugin-metadata\2.0.0.RELEASE\spring-plugin-metadata-2.0.0.RELEASE.jar;C:\Users\THIEN'PC\.m2\repository\org\springdoc\springdoc-openapi-starter-webmvc-ui\2.0.2\springdoc-openapi-starter-webmvc-ui-2.0.2.jar;C:\Users\THIEN'PC\.m2\repository\org\springdoc\springdoc-openapi-starter-webmvc-api\2.0.2\springdoc-openapi-starter-webmvc-api-2.0.2.jar;C:\Users\THIEN'PC\.m2\repository\org\springdoc\springdoc-openapi-starter-common\2.0.2\springdoc-openapi-starter-common-2.0.2.jar;C:\Users\THIEN'PC\.m2\repository\io\swagger\core\v3\swagger-core-jakarta\2.2.7\swagger-core-jakarta-2.2.7.jar;C:\Users\THIEN'PC\.m2\repository\io\swagger\core\v3\swagger-annotations-jakarta\2.2.7\swagger-annotations-jakarta-2.2.7.jar;C:\Users\THIEN'PC\.m2\repository\io\swagger\core\v3\swagger-models-jakarta\2.2.7\swagger-models-jakarta-2.2.7.jar;C:\Users\THIEN'PC\.m2\repository\com\fasterxml\jackson\dataformat\jackson-dataformat-yaml\2.17.2\jackson-dataformat-yaml-2.17.2.jar;C:\Users\THIEN'PC\.m2\repository\org\webjars\swagger-ui\4.15.5\swagger-ui-4.15.5.jar;C:\Users\THIEN'PC\.m2\repository\org\webjars\webjars-locator-core\0.58\webjars-locator-core-0.58.jar;C:\Users\THIEN'PC\.m2\repository\io\github\classgraph\classgraph\4.8.149\classgraph-4.8.149.jar
Launcher Type: SUN_STANDARD

[Global flags]
     intx CICompilerCount                          = 4                                         {product} {ergonomic}
     uint ConcGCThreads                            = 3                                         {product} {ergonomic}
     uint G1ConcRefinementThreads                  = 10                                        {product} {ergonomic}
   size_t G1HeapRegionSize                         = 1048576                                   {product} {ergonomic}
   size_t InitialHeapSize                          = 132120576                                 {product} {ergonomic}
     bool ManagementServer                         = true                                      {product} {command line}
   size_t MarkStackSize                            = 4194304                                   {product} {ergonomic}
   size_t MaxHeapSize                              = 2090860544                                {product} {ergonomic}
   size_t MaxNewSize                               = 1254096896                                {product} {ergonomic}
   size_t MinHeapDeltaBytes                        = 1048576                                   {product} {ergonomic}
   size_t MinHeapSize                              = 8388608                                   {product} {ergonomic}
    uintx NonNMethodCodeHeapSize                   = 4096                                   {pd product} {ergonomic}
    uintx NonProfiledCodeHeapSize                  = 0                                      {pd product} {ergonomic}
     bool ProfileInterpreter                       = false                                  {pd product} {command line}
    uintx ProfiledCodeHeapSize                     = 0                                      {pd product} {ergonomic}
     bool ShowCodeDetailsInExceptionMessages       = true                                   {manageable} {command line}
   size_t SoftMaxHeapSize                          = 2090860544                             {manageable} {ergonomic}
     intx TieredStopAtLevel                        = 1                                         {product} {command line}
     bool UseCompressedOops                        = true                           {product lp64_product} {ergonomic}
     bool UseG1GC                                  = true                                      {product} {ergonomic}
     bool UseLargePagesIndividualAllocation        = false                                  {pd product} {ergonomic}

Logging:
Log output configuration:
 #0: stdout all=warning uptime,level,tags foldmultilines=false
 #1: stderr all=off uptime,level,tags foldmultilines=false

Environment Variables:
JAVA_HOME=C:\Program Files\Java\jdk-22
PATH=C:/Users/THIEN'PC/.p2/pool/plugins/org.eclipse.justj.openjdk.hotspot.jre.full.win32.x86_64_23.0.1.v20241024-1700/jre/bin/server;C:/Users/THIEN'PC/.p2/pool/plugins/org.eclipse.justj.openjdk.hotspot.jre.full.win32.x86_64_23.0.1.v20241024-1700/jre/bin;C:\Program Files\Java\jdk-22\bin;C:\Program Files\Common Files\Oracle\Java\javapath;C:\Program Files\Microsoft MPI\Bin\;C:\Program Files (x86)\Common Files\Intel\Shared Libraries\redist\intel64\compiler;C:\Windows\system32;C:\Windows;C:\Windows\System32\Wbem;C:\Windows\System32\WindowsPowerShell\v1.0\;C:\Windows\System32\OpenSSH\;C:\Program Files (x86)\NVIDIA Corporation\PhysX\Common;C:\WINDOWS\system32;C:\WINDOWS;C:\WINDOWS\System32\Wbem;C:\WINDOWS\System32\WindowsPowerShell\v1.0\;C:\WINDOWS\System32\OpenSSH\;C:\Program Files\dotnet\;C:\Program Files (x86)\dotnet\;C:\Program Files\Microsoft SQL Server\Client SDK\ODBC\170\Tools\Binn\;C:\Program Files (x86)\Microsoft SQL Server\160\Tools\Binn\;C:\Program Files\Microsoft SQL Server\160\Tools\Binn\;C:\Program Files\Microsoft SQL Server\160\DTS\Binn\;E:\Git\cmd;C:\Program Files (x86)\Microsoft SQL Server\160\DTS\Binn\;D:\jPackages\apache-maven-3.9.9\bin;C:\Program Files\Microsoft SQL Server\150\Tools\Binn\;C:\Program Files\TortoiseGit\bin;C:\Program Files\Docker\Docker\resources\bin;C:\Program Files\Java\jdk-11\bin;E:\TortoiseSVN\bin;C:\Program Files\VisualSVN Server\bin;C:\Users\THIEN'PC\AppData\Local\nvm;C:\nvm4w\nodejs;E:\Python\Python310\;E:\Python\Python310\Scripts\;C:\Program Files\Java\jdk-22\bin;E:\Python\Python313\Scripts\;E:\Python\Python313\;C:\Program Files\MySQL\MySQL Shell 8.0\bin\;C:\Users\THIEN'PC\AppData\Local\Microsoft\WindowsApps;C:\Users\THIEN'PC\.dotnet\tools;C:\Program Files\Azure Data Studio\bin;E:\Microsoft VS Code\bin;E:\msys64\ucrt64\bin;C:\Users\THIEN'PC\Desktop;C:\Users\THIEN'PC\AppData\Roaming\npm;C:\Program Files\Java\jdk-22\bin;C:\Users\THIEN'PC\AppData\Local\nvm;C:\nvm4w\nodejs;;C:\WINDOWS\system32;
USERNAME=THIEN'PC
OS=Windows_NT
PROCESSOR_IDENTIFIER=Intel64 Family 6 Model 141 Stepping 1, GenuineIntel
TMP=C:\Users\THIEN'PC\AppData\Local\Temp
TEMP=C:\Users\THIEN'PC\AppData\Local\Temp




Periodic native trim disabled

---------------  S Y S T E M  ---------------

OS:
 Windows 11 , 64 bit Build 22621 (10.0.22621.5262)
OS uptime: 0 days 0:40 hours
Hyper-V role detected

CPU: total 12 (initial active 12) (6 cores per cpu, 2 threads per core) family 6 model 141 stepping 1 microcode 0x3c, cx8, cmov, fxsr, ht, mmx, 3dnowpref, sse, sse2, sse3, ssse3, sse4.1, sse4.2, popcnt, lzcnt, tsc, tscinvbit, avx, avx2, aes, erms, clmul, bmi1, bmi2, adx, avx512f, avx512dq, avx512cd, avx512bw, avx512vl, sha, fma, vzeroupper, avx512_vpopcntdq, avx512_vpclmulqdq, avx512_vaes, avx512_vnni, clflush, clflushopt, clwb, avx512_vbmi2, avx512_vbmi, hv, rdtscp, rdpid, fsrm, gfni, avx512_bitalg, f16c, cet_ibt, cet_ss, avx512_ifma
Processor Information for all 12 processors :
  Max Mhz: 2688, Current Mhz: 2688, Mhz Limit: 2688

Memory: 4k page, system-wide physical 7971M (460M free)
TotalPageFile size 15308M (AvailPageFile size 1896M)
current process WorkingSet (physical memory assigned to process): 380M, peak: 411M
current process commit charge ("private bytes"): 449M, peak: 477M

vm_info: Java HotSpot(TM) 64-Bit Server VM (22.0.2+9-70) for windows-amd64 JRE (22.0.2+9-70), built on 2024-06-04T16:52:23Z by "mach5one" with MS VC++ 17.6 (VS2022)

END.
